This file contains any messages produced by compilers while
running configure, to aid debugging if configure makes a mistake.

It was created by configure, which was
generated by GNU Autoconf 2.61.  Invocation command line was

  $ ./configure 

## --------- ##
## Platform. ##
## --------- ##

hostname = aaron-wishnicks-mm061.local
uname -m = i386
uname -r = 9.1.0
uname -s = Darwin
uname -v = Darwin Kernel Version 9.1.0: Fri Jul 25 08:05:34 PDT 2008; root:xnu-1228.0.2.obj/RELEASE_I386

/usr/bin/uname -p = i386
/bin/uname -X     = unknown

/bin/arch              = unknown
/usr/bin/arch -k       = unknown
/usr/convex/getsysinfo = unknown
/usr/bin/hostinfo      = Mach kernel version:
	 Darwin Kernel Version 9.1.0: Fri Jul 25 08:05:34 PDT 2008; root:xnu-1228.0.2.obj/RELEASE_I386
Kernel configured for up to 2 processors.
2 processors are physically available.
2 processors are logically available.
Processor type: i486 (Intel 80486)
Processors active: 0 1
Primary memory available: 4.00 gigabytes
Default processor set: 68 tasks, 286 threads, 2 processors
Load average: 0.94, Mach factor: 1.09
/bin/machine           = unknown
/usr/bin/oslevel       = unknown
/bin/universe          = unknown

PATH: /opt/local/bin
PATH: /opt/local/sbin
PATH: /usr/bin
PATH: /bin
PATH: /usr/sbin
PATH: /sbin
PATH: /usr/local/bin
PATH: /usr/texbin
PATH: /usr/X11/bin


## ----------- ##
## Core tests. ##
## ----------- ##

configure:2028: checking build system type
configure:2046: result: i386-apple-darwin9.1.0
configure:2068: checking host system type
configure:2083: result: i386-apple-darwin9.1.0
configure:2121: checking for a BSD-compatible install
configure:2177: result: /usr/bin/install -c
configure:2188: checking whether build environment is sane
configure:2231: result: yes
configure:2259: checking for a thread-safe mkdir -p
configure:2298: result: ./install-sh -c -d
configure:2311: checking for gawk
configure:2341: result: no
configure:2311: checking for mawk
configure:2341: result: no
configure:2311: checking for nawk
configure:2341: result: no
configure:2311: checking for awk
configure:2327: found /usr/bin/awk
configure:2338: result: awk
configure:2349: checking whether make sets $(MAKE)
configure:2370: result: yes
configure:2646: checking for style of include used by make
configure:2674: result: GNU
configure:2744: checking for gcc
configure:2760: found /usr/bin/gcc
configure:2771: result: gcc
configure:3009: checking for C compiler version
configure:3016: gcc --version >&5
i686-apple-darwin9-gcc-4.0.1 (GCC) 4.0.1 (Apple Inc. build 5465)
Copyright (C) 2005 Free Software Foundation, Inc.
This is free software; see the source for copying conditions.  There is NO
warranty; not even for MERCHANTABILITY or FITNESS FOR A PARTICULAR PURPOSE.

configure:3019: $? = 0
configure:3026: gcc -v >&5
Using built-in specs.
Target: i686-apple-darwin9
Configured with: /var/tmp/gcc/gcc-5465~16/src/configure --disable-checking -enable-werror --prefix=/usr --mandir=/share/man --enable-languages=c,objc,c++,obj-c++ --program-transform-name=/^[cg][^.-]*$/s/$/-4.0/ --with-gxx-include-dir=/include/c++/4.0.0 --with-slibdir=/usr/lib --build=i686-apple-darwin9 --with-arch=apple --with-tune=generic --host=i686-apple-darwin9 --target=i686-apple-darwin9
Thread model: posix
gcc version 4.0.1 (Apple Inc. build 5465)
configure:3029: $? = 0
configure:3036: gcc -V >&5
gcc-4.0: argument to `-V' is missing
configure:3039: $? = 1
configure:3062: checking for C compiler default output file name
configure:3089: gcc    conftest.c  >&5
configure:3092: $? = 0
configure:3130: result: a.out
configure:3147: checking whether the C compiler works
configure:3157: ./a.out
configure:3160: $? = 0
configure:3177: result: yes
configure:3184: checking whether we are cross compiling
configure:3186: result: no
configure:3189: checking for suffix of executables
configure:3196: gcc -o conftest    conftest.c  >&5
configure:3199: $? = 0
configure:3223: result: 
configure:3229: checking for suffix of object files
configure:3255: gcc -c   conftest.c >&5
configure:3258: $? = 0
configure:3281: result: o
configure:3285: checking whether we are using the GNU C compiler
configure:3314: gcc -c   conftest.c >&5
configure:3320: $? = 0
configure:3337: result: yes
configure:3342: checking whether gcc accepts -g
configure:3372: gcc -c -g  conftest.c >&5
configure:3378: $? = 0
configure:3477: result: yes
configure:3494: checking for gcc option to accept ISO C89
configure:3568: gcc  -c -g -O2  conftest.c >&5
configure:3574: $? = 0
configure:3597: result: none needed
configure:3617: checking dependency style of gcc
configure:3708: result: gcc3
configure:3723: checking for a sed that does not truncate output
configure:3777: result: /usr/bin/sed
configure:3780: checking for grep that handles long lines and -e
configure:3854: result: /usr/bin/grep
configure:3859: checking for egrep
configure:3937: result: /usr/bin/grep -E
configure:3953: checking for ld used by gcc
configure:4020: result: /usr/libexec/gcc/i686-apple-darwin9/4.0.1/ld
configure:4029: checking if the linker (/usr/libexec/gcc/i686-apple-darwin9/4.0.1/ld) is GNU ld
configure:4044: result: no
configure:4049: checking for /usr/libexec/gcc/i686-apple-darwin9/4.0.1/ld option to reload object files
configure:4056: result: -r
configure:4074: checking for BSD-compatible nm
configure:4123: result: /usr/bin/nm -p
configure:4127: checking whether ln -s works
configure:4131: result: yes
configure:4138: checking how to recognise dependent libraries
configure:4316: result: pass_all
configure:4840: checking how to run the C preprocessor
configure:4880: gcc -E  conftest.c
configure:4886: $? = 0
configure:4917: gcc -E  conftest.c
conftest.c:10:28: error: ac_nonexistent.h: No such file or directory
configure:4923: $? = 1
configure: failed program was:
| /* confdefs.h.  */
| #define PACKAGE_NAME ""
| #define PACKAGE_TARNAME ""
| #define PACKAGE_VERSION ""
| #define PACKAGE_STRING ""
| #define PACKAGE_BUGREPORT ""
| #define PACKAGE "SDL_image"
| #define VERSION "1.2.7"
| /* end confdefs.h.  */
| #include <ac_nonexistent.h>
configure:4956: result: gcc -E
configure:4985: gcc -E  conftest.c
configure:4991: $? = 0
configure:5022: gcc -E  conftest.c
conftest.c:10:28: error: ac_nonexistent.h: No such file or directory
configure:5028: $? = 1
configure: failed program was:
| /* confdefs.h.  */
| #define PACKAGE_NAME ""
| #define PACKAGE_TARNAME ""
| #define PACKAGE_VERSION ""
| #define PACKAGE_STRING ""
| #define PACKAGE_BUGREPORT ""
| #define PACKAGE "SDL_image"
| #define VERSION "1.2.7"
| /* end confdefs.h.  */
| #include <ac_nonexistent.h>
configure:5066: checking for ANSI C header files
configure:5096: gcc -c -g -O2  conftest.c >&5
configure:5102: $? = 0
configure:5201: gcc -o conftest -g -O2   conftest.c  >&5
configure:5204: $? = 0
configure:5210: ./conftest
configure:5213: $? = 0
configure:5230: result: yes
configure:5254: checking for sys/types.h
configure:5275: gcc -c -g -O2  conftest.c >&5
configure:5281: $? = 0
configure:5297: result: yes
configure:5254: checking for sys/stat.h
configure:5275: gcc -c -g -O2  conftest.c >&5
configure:5281: $? = 0
configure:5297: result: yes
configure:5254: checking for stdlib.h
configure:5275: gcc -c -g -O2  conftest.c >&5
configure:5281: $? = 0
configure:5297: result: yes
configure:5254: checking for string.h
configure:5275: gcc -c -g -O2  conftest.c >&5
configure:5281: $? = 0
configure:5297: result: yes
configure:5254: checking for memory.h
configure:5275: gcc -c -g -O2  conftest.c >&5
configure:5281: $? = 0
configure:5297: result: yes
configure:5254: checking for strings.h
configure:5275: gcc -c -g -O2  conftest.c >&5
configure:5281: $? = 0
configure:5297: result: yes
configure:5254: checking for inttypes.h
configure:5275: gcc -c -g -O2  conftest.c >&5
configure:5281: $? = 0
configure:5297: result: yes
configure:5254: checking for stdint.h
configure:5275: gcc -c -g -O2  conftest.c >&5
configure:5281: $? = 0
configure:5297: result: yes
configure:5254: checking for unistd.h
configure:5275: gcc -c -g -O2  conftest.c >&5
configure:5281: $? = 0
configure:5297: result: yes
configure:5324: checking dlfcn.h usability
configure:5341: gcc -c -g -O2  conftest.c >&5
configure:5347: $? = 0
configure:5361: result: yes
configure:5365: checking dlfcn.h presence
configure:5380: gcc -E  conftest.c
configure:5386: $? = 0
configure:5400: result: yes
configure:5428: checking for dlfcn.h
configure:5436: result: yes
configure:5507: checking for g++
configure:5523: found /usr/bin/g++
configure:5534: result: g++
configure:5565: checking for C++ compiler version
configure:5572: g++ --version >&5
i686-apple-darwin9-g++-4.0.1 (GCC) 4.0.1 (Apple Inc. build 5465)
Copyright (C) 2005 Free Software Foundation, Inc.
This is free software; see the source for copying conditions.  There is NO
warranty; not even for MERCHANTABILITY or FITNESS FOR A PARTICULAR PURPOSE.

configure:5575: $? = 0
configure:5582: g++ -v >&5
Using built-in specs.
Target: i686-apple-darwin9
Configured with: /var/tmp/gcc/gcc-5465~16/src/configure --disable-checking -enable-werror --prefix=/usr --mandir=/share/man --enable-languages=c,objc,c++,obj-c++ --program-transform-name=/^[cg][^.-]*$/s/$/-4.0/ --with-gxx-include-dir=/include/c++/4.0.0 --with-slibdir=/usr/lib --build=i686-apple-darwin9 --with-arch=apple --with-tune=generic --host=i686-apple-darwin9 --target=i686-apple-darwin9
Thread model: posix
gcc version 4.0.1 (Apple Inc. build 5465)
configure:5585: $? = 0
configure:5592: g++ -V >&5
g++-4.0: argument to `-V' is missing
configure:5595: $? = 1
configure:5598: checking whether we are using the GNU C++ compiler
configure:5627: g++ -c   conftest.cpp >&5
configure:5633: $? = 0
configure:5650: result: yes
configure:5655: checking whether g++ accepts -g
configure:5685: g++ -c -g  conftest.cpp >&5
configure:5691: $? = 0
configure:5790: result: yes
configure:5815: checking dependency style of g++
configure:5906: result: gcc3
configure:5931: checking how to run the C++ preprocessor
configure:5967: g++ -E  conftest.cpp
configure:5973: $? = 0
configure:6004: g++ -E  conftest.cpp
conftest.cpp:21:28: error: ac_nonexistent.h: No such file or directory
configure:6010: $? = 1
configure: failed program was:
| /* confdefs.h.  */
| #define PACKAGE_NAME ""
| #define PACKAGE_TARNAME ""
| #define PACKAGE_VERSION ""
| #define PACKAGE_STRING ""
| #define PACKAGE_BUGREPORT ""
| #define PACKAGE "SDL_image"
| #define VERSION "1.2.7"
| #define STDC_HEADERS 1
| #define HAVE_SYS_TYPES_H 1
| #define HAVE_SYS_STAT_H 1
| #define HAVE_STDLIB_H 1
| #define HAVE_STRING_H 1
| #define HAVE_MEMORY_H 1
| #define HAVE_STRINGS_H 1
| #define HAVE_INTTYPES_H 1
| #define HAVE_STDINT_H 1
| #define HAVE_UNISTD_H 1
| #define HAVE_DLFCN_H 1
| /* end confdefs.h.  */
| #include <ac_nonexistent.h>
configure:6043: result: g++ -E
configure:6072: g++ -E  conftest.cpp
configure:6078: $? = 0
configure:6109: g++ -E  conftest.cpp
conftest.cpp:21:28: error: ac_nonexistent.h: No such file or directory
configure:6115: $? = 1
configure: failed program was:
| /* confdefs.h.  */
| #define PACKAGE_NAME ""
| #define PACKAGE_TARNAME ""
| #define PACKAGE_VERSION ""
| #define PACKAGE_STRING ""
| #define PACKAGE_BUGREPORT ""
| #define PACKAGE "SDL_image"
| #define VERSION "1.2.7"
| #define STDC_HEADERS 1
| #define HAVE_SYS_TYPES_H 1
| #define HAVE_SYS_STAT_H 1
| #define HAVE_STDLIB_H 1
| #define HAVE_STRING_H 1
| #define HAVE_MEMORY_H 1
| #define HAVE_STRINGS_H 1
| #define HAVE_INTTYPES_H 1
| #define HAVE_STDINT_H 1
| #define HAVE_UNISTD_H 1
| #define HAVE_DLFCN_H 1
| /* end confdefs.h.  */
| #include <ac_nonexistent.h>
configure:6208: checking for g77
configure:6238: result: no
configure:6208: checking for xlf
configure:6238: result: no
configure:6208: checking for f77
configure:6238: result: no
configure:6208: checking for frt
configure:6238: result: no
configure:6208: checking for pgf77
configure:6238: result: no
configure:6208: checking for cf77
configure:6238: result: no
configure:6208: checking for fort77
configure:6238: result: no
configure:6208: checking for fl32
configure:6238: result: no
configure:6208: checking for af77
configure:6238: result: no
configure:6208: checking for xlf90
configure:6238: result: no
configure:6208: checking for f90
configure:6238: result: no
configure:6208: checking for pgf90
configure:6238: result: no
configure:6208: checking for pghpf
configure:6238: result: no
configure:6208: checking for epcf90
configure:6238: result: no
configure:6208: checking for gfortran
configure:6238: result: no
configure:6208: checking for g95
configure:6238: result: no
configure:6208: checking for xlf95
configure:6238: result: no
configure:6208: checking for f95
configure:6238: result: no
configure:6208: checking for fort
configure:6238: result: no
configure:6208: checking for ifort
configure:6238: result: no
configure:6208: checking for ifc
configure:6238: result: no
configure:6208: checking for efc
configure:6238: result: no
configure:6208: checking for pgf95
configure:6238: result: no
configure:6208: checking for lf95
configure:6238: result: no
configure:6208: checking for ftn
configure:6238: result: no
configure:6265: checking for Fortran 77 compiler version
configure:6272:  --version >&5
./configure: line 6273: --version: command not found
configure:6275: $? = 127
configure:6282:  -v >&5
./configure: line 6283: -v: command not found
configure:6285: $? = 127
configure:6292:  -V >&5
./configure: line 6293: -V: command not found
configure:6295: $? = 127
configure:6303: checking whether we are using the GNU Fortran 77 compiler
configure:6322:  -c  conftest.F >&5
./configure: line 6323: -c: command not found
configure:6328: $? = 127
configure: failed program was:
|       program main
| #ifndef __GNUC__
|        choke me
| #endif
| 
|       end
configure:6345: result: no
configure:6351: checking whether  accepts -g
configure:6368:  -c -g conftest.f >&5
./configure: line 6369: -c: command not found
configure:6374: $? = 127
configure: failed program was:
|       program main
| 
|       end
configure:6390: result: no
configure:6420: checking the maximum length of command line arguments
configure:6535: result: 196608
configure:6546: checking command to parse /usr/bin/nm -p output from gcc object
configure:6651: gcc -c -g -O2  conftest.c >&5
configure:6654: $? = 0
configure:6658: /usr/bin/nm -p conftest.o \| sed -n -e 's/^.*[ 	]\([BCDEGRST][BCDEGRST]*\)[ 	][ 	]*\([_A-Za-z][_A-Za-z0-9]*\)$/\1 \2 \2/p' \> conftest.nm
configure:6661: $? = 0
cannot find nm_test_var in conftest.nm
configure:6651: gcc -c -g -O2  conftest.c >&5
configure:6654: $? = 0
configure:6658: /usr/bin/nm -p conftest.o \| sed -n -e 's/^.*[ 	]\([BCDEGRST][BCDEGRST]*\)[ 	][ 	]*_\([_A-Za-z][_A-Za-z0-9]*\)$/\1 _\2 \2/p' \> conftest.nm
configure:6661: $? = 0
configure:6713: gcc -o conftest -g -O2   conftest.c conftstm.o >&5
configure:6716: $? = 0
configure:6754: result: ok
configure:6758: checking for objdir
configure:6773: result: .libs
configure:6865: checking for ar
configure:6881: found /usr/bin/ar
configure:6892: result: ar
configure:6961: checking for ranlib
configure:6977: found /usr/bin/ranlib
configure:6988: result: ranlib
configure:7057: checking for strip
configure:7073: found /usr/bin/strip
configure:7084: result: strip
configure:7374: checking if gcc supports -fno-rtti -fno-exceptions
configure:7392: gcc -c -g -O2  -fno-rtti -fno-exceptions conftest.c >&5
cc1: warning: command line option "-fno-rtti" is valid for C++/ObjC++ but not for C
configure:7396: $? = 0
configure:7409: result: no
configure:7424: checking for gcc option to produce PIC
configure:7634: result: -fno-common
configure:7642: checking if gcc PIC flag -fno-common works
configure:7660: gcc -c -g -O2  -fno-common -DPIC conftest.c >&5
configure:7664: $? = 0
configure:7677: result: yes
configure:7705: checking if gcc static flag -static works
configure:7733: result: no
configure:7743: checking if gcc supports -c -o file.o
configure:7764: gcc -c -g -O2  -o out/conftest2.o conftest.c >&5
configure:7768: $? = 0
configure:7790: result: yes
configure:7816: checking whether the gcc linker (/usr/libexec/gcc/i686-apple-darwin9/4.0.1/ld) supports shared libraries
configure:8770: result: yes
configure:8837: checking dynamic linker characteristics
configure:9427: result: darwin9.1.0 dyld
configure:9436: checking how to hardcode library paths into programs
configure:9461: result: immediate
configure:9475: checking whether stripping libraries is possible
configure:9488: result: yes
configure:10281: checking if libtool supports shared libraries
configure:10283: result: yes
configure:10286: checking whether to build shared libraries
configure:10307: result: yes
configure:10310: checking whether to build static libraries
configure:10314: result: yes
configure:10406: creating libtool
configure:10994: checking for ld used by g++
configure:11061: result: /usr/libexec/gcc/i686-apple-darwin9/4.0.1/ld
configure:11070: checking if the linker (/usr/libexec/gcc/i686-apple-darwin9/4.0.1/ld) is GNU ld
configure:11085: result: no
configure:11136: checking whether the g++ linker (/usr/libexec/gcc/i686-apple-darwin9/4.0.1/ld) supports shared libraries
configure:12070: result: yes
configure:12092: g++ -c -g -O2  conftest.cpp >&5
configure:12095: $? = 0
configure:12214: checking for g++ option to produce PIC
configure:12488: result: -fno-common
configure:12496: checking if g++ PIC flag -fno-common works
configure:12514: g++ -c -g -O2  -fno-common -DPIC conftest.cpp >&5
configure:12518: $? = 0
configure:12531: result: yes
configure:12559: checking if g++ static flag -static works
configure:12587: result: no
configure:12597: checking if g++ supports -c -o file.o
configure:12618: g++ -c -g -O2  -o out/conftest2.o conftest.cpp >&5
configure:12622: $? = 0
configure:12644: result: yes
configure:12670: checking whether the g++ linker (/usr/libexec/gcc/i686-apple-darwin9/4.0.1/ld) supports shared libraries
configure:12695: result: yes
configure:12762: checking dynamic linker characteristics
configure:13352: result: darwin9.1.0 dyld
configure:13361: checking how to hardcode library paths into programs
configure:13386: result: immediate
configure:19582: checking for gcc
configure:19609: result: gcc
configure:19847: checking for C compiler version
configure:19854: gcc --version >&5
i686-apple-darwin9-gcc-4.0.1 (GCC) 4.0.1 (Apple Inc. build 5465)
Copyright (C) 2005 Free Software Foundation, Inc.
This is free software; see the source for copying conditions.  There is NO
warranty; not even for MERCHANTABILITY or FITNESS FOR A PARTICULAR PURPOSE.

configure:19857: $? = 0
configure:19864: gcc -v >&5
Using built-in specs.
Target: i686-apple-darwin9
Configured with: /var/tmp/gcc/gcc-5465~16/src/configure --disable-checking -enable-werror --prefix=/usr --mandir=/share/man --enable-languages=c,objc,c++,obj-c++ --program-transform-name=/^[cg][^.-]*$/s/$/-4.0/ --with-gxx-include-dir=/include/c++/4.0.0 --with-slibdir=/usr/lib --build=i686-apple-darwin9 --with-arch=apple --with-tune=generic --host=i686-apple-darwin9 --target=i686-apple-darwin9
Thread model: posix
gcc version 4.0.1 (Apple Inc. build 5465)
configure:19867: $? = 0
configure:19874: gcc -V >&5
gcc-4.0: argument to `-V' is missing
configure:19877: $? = 1
configure:19880: checking whether we are using the GNU C compiler
configure:19932: result: yes
configure:19937: checking whether gcc accepts -g
configure:20072: result: yes
configure:20089: checking for gcc option to accept ISO C89
configure:20192: result: none needed
configure:20212: checking dependency style of gcc
configure:20303: result: gcc3
configure:20318: checking for inline
configure:20344: gcc -c -g -O2  conftest.c >&5
configure:20350: $? = 0
configure:20368: result: inline
configure:20400: checking for a BSD-compatible install
configure:20456: result: /usr/bin/install -c
configure:20467: checking whether make sets $(MAKE)
configure:20488: result: yes
configure:20506: checking for windres
configure:20536: result: no
configure:20506: checking for darwin9.1.0-windres
configure:20536: result: no
configure:20616: checking for sdl-config
configure:20634: found /usr/local/bin/sdl-config
configure:20647: result: /usr/local/bin/sdl-config
configure:20656: checking for SDL - version >= 1.2.10
configure:20753: gcc -o conftest -g -O2 -I/usr/local/include/SDL -D_GNU_SOURCE=1 -D_THREAD_SAFE   conftest.c  -L/usr/local/lib -lSDL >&5
configure:20756: $? = 0
configure:20762: ./conftest
configure:20765: $? = 0
configure:20786: result: yes
configure:21018: checking jpeglib.h usability
configure:21035: gcc -c -g -O2 -I/usr/local/include/SDL -D_GNU_SOURCE=1 -D_THREAD_SAFE  conftest.c >&5
conftest.c:54:21: error: jpeglib.h: No such file or directory
configure:21041: $? = 1
configure: failed program was:
| /* confdefs.h.  */
| #define PACKAGE_NAME ""
| #define PACKAGE_TARNAME ""
| #define PACKAGE_VERSION ""
| #define PACKAGE_STRING ""
| #define PACKAGE_BUGREPORT ""
| #define PACKAGE "SDL_image"
| #define VERSION "1.2.7"
| #define STDC_HEADERS 1
| #define HAVE_SYS_TYPES_H 1
| #define HAVE_SYS_STAT_H 1
| #define HAVE_STDLIB_H 1
| #define HAVE_STRING_H 1
| #define HAVE_MEMORY_H 1
| #define HAVE_STRINGS_H 1
| #define HAVE_INTTYPES_H 1
| #define HAVE_STDINT_H 1
| #define HAVE_UNISTD_H 1
| #define HAVE_DLFCN_H 1
| /* end confdefs.h.  */
| #include <stdio.h>
| #ifdef HAVE_SYS_TYPES_H
| # include <sys/types.h>
| #endif
| #ifdef HAVE_SYS_STAT_H
| # include <sys/stat.h>
| #endif
| #ifdef STDC_HEADERS
| # include <stdlib.h>
| # include <stddef.h>
| #else
| # ifdef HAVE_STDLIB_H
| #  include <stdlib.h>
| # endif
| #endif
| #ifdef HAVE_STRING_H
| # if !defined STDC_HEADERS && defined HAVE_MEMORY_H
| #  include <memory.h>
| # endif
| # include <string.h>
| #endif
| #ifdef HAVE_STRINGS_H
| # include <strings.h>
| #endif
| #ifdef HAVE_INTTYPES_H
| # include <inttypes.h>
| #endif
| #ifdef HAVE_STDINT_H
| # include <stdint.h>
| #endif
| #ifdef HAVE_UNISTD_H
| # include <unistd.h>
| #endif
| #include <jpeglib.h>
configure:21055: result: no
configure:21059: checking jpeglib.h presence
configure:21074: gcc -E  conftest.c
conftest.c:21:21: error: jpeglib.h: No such file or directory
configure:21080: $? = 1
configure: failed program was:
| /* confdefs.h.  */
| #define PACKAGE_NAME ""
| #define PACKAGE_TARNAME ""
| #define PACKAGE_VERSION ""
| #define PACKAGE_STRING ""
| #define PACKAGE_BUGREPORT ""
| #define PACKAGE "SDL_image"
| #define VERSION "1.2.7"
| #define STDC_HEADERS 1
| #define HAVE_SYS_TYPES_H 1
| #define HAVE_SYS_STAT_H 1
| #define HAVE_STDLIB_H 1
| #define HAVE_STRING_H 1
| #define HAVE_MEMORY_H 1
| #define HAVE_STRINGS_H 1
| #define HAVE_INTTYPES_H 1
| #define HAVE_STDINT_H 1
| #define HAVE_UNISTD_H 1
| #define HAVE_DLFCN_H 1
| /* end confdefs.h.  */
| #include <jpeglib.h>
configure:21094: result: no
configure:21122: checking for jpeglib.h
configure:21129: result: no
configure:21138: checking for jpeg_CreateDecompress in -ljpeg
configure:21173: gcc -o conftest -g -O2 -I/usr/local/include/SDL -D_GNU_SOURCE=1 -D_THREAD_SAFE   conftest.c -ljpeg   -L/usr/local/lib -lSDL >&5
ld: library not found for -ljpeg
collect2: ld returned 1 exit status
configure:21179: $? = 1
configure: failed program was:
| /* confdefs.h.  */
| #define PACKAGE_NAME ""
| #define PACKAGE_TARNAME ""
| #define PACKAGE_VERSION ""
| #define PACKAGE_STRING ""
| #define PACKAGE_BUGREPORT ""
| #define PACKAGE "SDL_image"
| #define VERSION "1.2.7"
| #define STDC_HEADERS 1
| #define HAVE_SYS_TYPES_H 1
| #define HAVE_SYS_STAT_H 1
| #define HAVE_STDLIB_H 1
| #define HAVE_STRING_H 1
| #define HAVE_MEMORY_H 1
| #define HAVE_STRINGS_H 1
| #define HAVE_INTTYPES_H 1
| #define HAVE_STDINT_H 1
| #define HAVE_UNISTD_H 1
| #define HAVE_DLFCN_H 1
| /* end confdefs.h.  */
| 
| /* Override any GCC internal prototype to avoid an error.
|    Use char because int might match the return type of a GCC
|    builtin and then its argument prototype would still apply.  */
| #ifdef __cplusplus
| extern "C"
| #endif
| char jpeg_CreateDecompress ();
| int
| main ()
| {
| return jpeg_CreateDecompress ();
|   ;
|   return 0;
| }
configure:21197: result: no
configure:21230: WARNING: *** Unable to find JPEG library (http://www.ijg.org/)
configure:21232: WARNING: JPG image loading disabled
configure:21248: checking png.h usability
configure:21265: gcc -c -g -O2 -I/usr/local/include/SDL -D_GNU_SOURCE=1 -D_THREAD_SAFE  conftest.c >&5
conftest.c:54:17: error: png.h: No such file or directory
configure:21271: $? = 1
configure: failed program was:
| /* confdefs.h.  */
| #define PACKAGE_NAME ""
| #define PACKAGE_TARNAME ""
| #define PACKAGE_VERSION ""
| #define PACKAGE_STRING ""
| #define PACKAGE_BUGREPORT ""
| #define PACKAGE "SDL_image"
| #define VERSION "1.2.7"
| #define STDC_HEADERS 1
| #define HAVE_SYS_TYPES_H 1
| #define HAVE_SYS_STAT_H 1
| #define HAVE_STDLIB_H 1
| #define HAVE_STRING_H 1
| #define HAVE_MEMORY_H 1
| #define HAVE_STRINGS_H 1
| #define HAVE_INTTYPES_H 1
| #define HAVE_STDINT_H 1
| #define HAVE_UNISTD_H 1
| #define HAVE_DLFCN_H 1
| /* end confdefs.h.  */
| #include <stdio.h>
| #ifdef HAVE_SYS_TYPES_H
| # include <sys/types.h>
| #endif
| #ifdef HAVE_SYS_STAT_H
| # include <sys/stat.h>
| #endif
| #ifdef STDC_HEADERS
| # include <stdlib.h>
| # include <stddef.h>
| #else
| # ifdef HAVE_STDLIB_H
| #  include <stdlib.h>
| # endif
| #endif
| #ifdef HAVE_STRING_H
| # if !defined STDC_HEADERS && defined HAVE_MEMORY_H
| #  include <memory.h>
| # endif
| # include <string.h>
| #endif
| #ifdef HAVE_STRINGS_H
| # include <strings.h>
| #endif
| #ifdef HAVE_INTTYPES_H
| # include <inttypes.h>
| #endif
| #ifdef HAVE_STDINT_H
| # include <stdint.h>
| #endif
| #ifdef HAVE_UNISTD_H
| # include <unistd.h>
| #endif
| #include <png.h>
configure:21285: result: no
configure:21289: checking png.h presence
configure:21304: gcc -E  conftest.c
conftest.c:21:17: error: png.h: No such file or directory
configure:21310: $? = 1
configure: failed program was:
| /* confdefs.h.  */
| #define PACKAGE_NAME ""
| #define PACKAGE_TARNAME ""
| #define PACKAGE_VERSION ""
| #define PACKAGE_STRING ""
| #define PACKAGE_BUGREPORT ""
| #define PACKAGE "SDL_image"
| #define VERSION "1.2.7"
| #define STDC_HEADERS 1
| #define HAVE_SYS_TYPES_H 1
| #define HAVE_SYS_STAT_H 1
| #define HAVE_STDLIB_H 1
| #define HAVE_STRING_H 1
| #define HAVE_MEMORY_H 1
| #define HAVE_STRINGS_H 1
| #define HAVE_INTTYPES_H 1
| #define HAVE_STDINT_H 1
| #define HAVE_UNISTD_H 1
| #define HAVE_DLFCN_H 1
| /* end confdefs.h.  */
| #include <png.h>
configure:21324: result: no
configure:21352: checking for png.h
configure:21359: result: no
configure:21368: checking for png_create_read_struct in -lpng
configure:21403: gcc -o conftest -g -O2 -I/usr/local/include/SDL -D_GNU_SOURCE=1 -D_THREAD_SAFE   conftest.c -lpng   -L/usr/local/lib -lSDL >&5
ld: library not found for -lpng
collect2: ld returned 1 exit status
configure:21409: $? = 1
configure: failed program was:
| /* confdefs.h.  */
| #define PACKAGE_NAME ""
| #define PACKAGE_TARNAME ""
| #define PACKAGE_VERSION ""
| #define PACKAGE_STRING ""
| #define PACKAGE_BUGREPORT ""
| #define PACKAGE "SDL_image"
| #define VERSION "1.2.7"
| #define STDC_HEADERS 1
| #define HAVE_SYS_TYPES_H 1
| #define HAVE_SYS_STAT_H 1
| #define HAVE_STDLIB_H 1
| #define HAVE_STRING_H 1
| #define HAVE_MEMORY_H 1
| #define HAVE_STRINGS_H 1
| #define HAVE_INTTYPES_H 1
| #define HAVE_STDINT_H 1
| #define HAVE_UNISTD_H 1
| #define HAVE_DLFCN_H 1
| /* end confdefs.h.  */
| 
| /* Override any GCC internal prototype to avoid an error.
|    Use char because int might match the return type of a GCC
|    builtin and then its argument prototype would still apply.  */
| #ifdef __cplusplus
| extern "C"
| #endif
| char png_create_read_struct ();
| int
| main ()
| {
| return png_create_read_struct ();
|   ;
|   return 0;
| }
configure:21427: result: no
configure:21454: WARNING: *** Unable to find PNG library (http://www.libpng.org/pub/png/libpng.html)
configure:21456: WARNING: PNG image loading disabled
configure:21472: checking tiffio.h usability
configure:21489: gcc -c -g -O2 -I/usr/local/include/SDL -D_GNU_SOURCE=1 -D_THREAD_SAFE  conftest.c >&5
conftest.c:54:20: error: tiffio.h: No such file or directory
configure:21495: $? = 1
configure: failed program was:
| /* confdefs.h.  */
| #define PACKAGE_NAME ""
| #define PACKAGE_TARNAME ""
| #define PACKAGE_VERSION ""
| #define PACKAGE_STRING ""
| #define PACKAGE_BUGREPORT ""
| #define PACKAGE "SDL_image"
| #define VERSION "1.2.7"
| #define STDC_HEADERS 1
| #define HAVE_SYS_TYPES_H 1
| #define HAVE_SYS_STAT_H 1
| #define HAVE_STDLIB_H 1
| #define HAVE_STRING_H 1
| #define HAVE_MEMORY_H 1
| #define HAVE_STRINGS_H 1
| #define HAVE_INTTYPES_H 1
| #define HAVE_STDINT_H 1
| #define HAVE_UNISTD_H 1
| #define HAVE_DLFCN_H 1
| /* end confdefs.h.  */
| #include <stdio.h>
| #ifdef HAVE_SYS_TYPES_H
| # include <sys/types.h>
| #endif
| #ifdef HAVE_SYS_STAT_H
| # include <sys/stat.h>
| #endif
| #ifdef STDC_HEADERS
| # include <stdlib.h>
| # include <stddef.h>
| #else
| # ifdef HAVE_STDLIB_H
| #  include <stdlib.h>
| # endif
| #endif
| #ifdef HAVE_STRING_H
| # if !defined STDC_HEADERS && defined HAVE_MEMORY_H
| #  include <memory.h>
| # endif
| # include <string.h>
| #endif
| #ifdef HAVE_STRINGS_H
| # include <strings.h>
| #endif
| #ifdef HAVE_INTTYPES_H
| # include <inttypes.h>
| #endif
| #ifdef HAVE_STDINT_H
| # include <stdint.h>
| #endif
| #ifdef HAVE_UNISTD_H
| # include <unistd.h>
| #endif
| #include <tiffio.h>
configure:21509: result: no
configure:21513: checking tiffio.h presence
configure:21528: gcc -E  conftest.c
conftest.c:21:20: error: tiffio.h: No such file or directory
configure:21534: $? = 1
configure: failed program was:
| /* confdefs.h.  */
| #define PACKAGE_NAME ""
| #define PACKAGE_TARNAME ""
| #define PACKAGE_VERSION ""
| #define PACKAGE_STRING ""
| #define PACKAGE_BUGREPORT ""
| #define PACKAGE "SDL_image"
| #define VERSION "1.2.7"
| #define STDC_HEADERS 1
| #define HAVE_SYS_TYPES_H 1
| #define HAVE_SYS_STAT_H 1
| #define HAVE_STDLIB_H 1
| #define HAVE_STRING_H 1
| #define HAVE_MEMORY_H 1
| #define HAVE_STRINGS_H 1
| #define HAVE_INTTYPES_H 1
| #define HAVE_STDINT_H 1
| #define HAVE_UNISTD_H 1
| #define HAVE_DLFCN_H 1
| /* end confdefs.h.  */
| #include <tiffio.h>
configure:21548: result: no
configure:21576: checking for tiffio.h
configure:21583: result: no
configure:21592: checking for TIFFClientOpen in -ltiff
configure:21627: gcc -o conftest -g -O2 -I/usr/local/include/SDL -D_GNU_SOURCE=1 -D_THREAD_SAFE   conftest.c -ltiff   -L/usr/local/lib -lSDL >&5
ld: library not found for -ltiff
collect2: ld returned 1 exit status
configure:21633: $? = 1
configure: failed program was:
| /* confdefs.h.  */
| #define PACKAGE_NAME ""
| #define PACKAGE_TARNAME ""
| #define PACKAGE_VERSION ""
| #define PACKAGE_STRING ""
| #define PACKAGE_BUGREPORT ""
| #define PACKAGE "SDL_image"
| #define VERSION "1.2.7"
| #define STDC_HEADERS 1
| #define HAVE_SYS_TYPES_H 1
| #define HAVE_SYS_STAT_H 1
| #define HAVE_STDLIB_H 1
| #define HAVE_STRING_H 1
| #define HAVE_MEMORY_H 1
| #define HAVE_STRINGS_H 1
| #define HAVE_INTTYPES_H 1
| #define HAVE_STDINT_H 1
| #define HAVE_UNISTD_H 1
| #define HAVE_DLFCN_H 1
| /* end confdefs.h.  */
| 
| /* Override any GCC internal prototype to avoid an error.
|    Use char because int might match the return type of a GCC
|    builtin and then its argument prototype would still apply.  */
| #ifdef __cplusplus
| extern "C"
| #endif
| char TIFFClientOpen ();
| int
| main ()
| {
| return TIFFClientOpen ();
|   ;
|   return 0;
| }
configure:21651: result: no
configure:21678: WARNING: *** Unable to find Tiff library (http://www.remotesensing.org/libtiff/)
configure:21680: WARNING: TIF image loading disabled
configure:21959: creating ./config.status

## ---------------------- ##
## Running config.status. ##
## ---------------------- ##

This file was extended by config.status, which was
generated by GNU Autoconf 2.61.  Invocation command line was

  CONFIG_FILES    = 
  CONFIG_HEADERS  = 
  CONFIG_LINKS    = 
  CONFIG_COMMANDS = 
  $ ./config.status 

on aaron-wishnicks-mm061.local

config.status:665: creating Makefile
config.status:665: creating SDL_image.spec
config.status:665: creating SDL_image.qpg
config.status:856: executing depfiles commands

## ---------------- ##
## Cache variables. ##
## ---------------- ##

ac_cv_build=i386-apple-darwin9.1.0
ac_cv_c_compiler_gnu=yes
ac_cv_c_inline=inline
ac_cv_cxx_compiler_gnu=yes
ac_cv_env_CCC_set=
ac_cv_env_CCC_value=
ac_cv_env_CC_set=
ac_cv_env_CC_value=
ac_cv_env_CFLAGS_set=
ac_cv_env_CFLAGS_value=
ac_cv_env_CPPFLAGS_set=
ac_cv_env_CPPFLAGS_value=
ac_cv_env_CPP_set=
ac_cv_env_CPP_value=
ac_cv_env_CXXCPP_set=
ac_cv_env_CXXCPP_value=
ac_cv_env_CXXFLAGS_set=
ac_cv_env_CXXFLAGS_value=
ac_cv_env_CXX_set=
ac_cv_env_CXX_value=
ac_cv_env_F77_set=
ac_cv_env_F77_value=
ac_cv_env_FFLAGS_set=
ac_cv_env_FFLAGS_value=
ac_cv_env_LDFLAGS_set=
ac_cv_env_LDFLAGS_value=
ac_cv_env_LIBS_set=
ac_cv_env_LIBS_value=
ac_cv_env_build_alias_set=
ac_cv_env_build_alias_value=
ac_cv_env_host_alias_set=
ac_cv_env_host_alias_value=
ac_cv_env_target_alias_set=
ac_cv_env_target_alias_value=
ac_cv_f77_compiler_gnu=no
ac_cv_header_dlfcn_h=yes
ac_cv_header_inttypes_h=yes
ac_cv_header_jpeglib_h=no
ac_cv_header_memory_h=yes
ac_cv_header_png_h=no
ac_cv_header_stdc=yes
ac_cv_header_stdint_h=yes
ac_cv_header_stdlib_h=yes
ac_cv_header_string_h=yes
ac_cv_header_strings_h=yes
ac_cv_header_sys_stat_h=yes
ac_cv_header_sys_types_h=yes
ac_cv_header_tiffio_h=no
ac_cv_header_unistd_h=yes
ac_cv_host=i386-apple-darwin9.1.0
ac_cv_lib_jpeg_jpeg_CreateDecompress=no
ac_cv_lib_png_png_create_read_struct=no
ac_cv_lib_tiff_TIFFClientOpen=no
ac_cv_objext=o
ac_cv_path_EGREP='/usr/bin/grep -E'
ac_cv_path_GREP=/usr/bin/grep
ac_cv_path_SDL_CONFIG=/usr/local/bin/sdl-config
ac_cv_path_install='/usr/bin/install -c'
ac_cv_prog_AWK=awk
ac_cv_prog_CPP='gcc -E'
ac_cv_prog_CXXCPP='g++ -E'
ac_cv_prog_ac_ct_AR=ar
ac_cv_prog_ac_ct_CC=gcc
ac_cv_prog_ac_ct_CXX=g++
ac_cv_prog_ac_ct_RANLIB=ranlib
ac_cv_prog_ac_ct_STRIP=strip
ac_cv_prog_cc_c89=
ac_cv_prog_cc_g=yes
ac_cv_prog_cxx_g=yes
ac_cv_prog_f77_g=no
ac_cv_prog_make_make_set=yes
am_cv_CC_dependencies_compiler_type=gcc3
am_cv_CXX_dependencies_compiler_type=gcc3
lt_cv_deplibs_check_method=pass_all
lt_cv_file_magic_cmd='$MAGIC_CMD'
lt_cv_file_magic_test_file=
lt_cv_ld_reload_flag=-r
lt_cv_objdir=.libs
lt_cv_path_LD=/usr/libexec/gcc/i686-apple-darwin9/4.0.1/ld
lt_cv_path_LDCXX=/usr/libexec/gcc/i686-apple-darwin9/4.0.1/ld
lt_cv_path_NM='/usr/bin/nm -p'
lt_cv_path_SED=/usr/bin/sed
lt_cv_prog_compiler_c_o=yes
lt_cv_prog_compiler_c_o_CXX=yes
lt_cv_prog_compiler_rtti_exceptions=no
lt_cv_prog_gnu_ld=no
lt_cv_prog_gnu_ldcxx=no
lt_cv_sys_global_symbol_pipe='sed -n -e '\''s/^.*[ 	]\([BCDEGRST][BCDEGRST]*\)[ 	][ 	]*_\([_A-Za-z][_A-Za-z0-9]*\)$/\1 _\2 \2/p'\'''
lt_cv_sys_global_symbol_to_c_name_address='sed -n -e '\''s/^: \([^ ]*\) $/  {\"\1\", (lt_ptr) 0},/p'\'' -e '\''s/^[BCDEGRST] \([^ ]*\) \([^ ]*\)$/  {"\2", (lt_ptr) \&\2},/p'\'''
lt_cv_sys_global_symbol_to_cdecl='sed -n -e '\''s/^. .* \(.*\)$/extern int \1;/p'\'''
lt_cv_sys_max_cmd_len=196608
lt_lt_cv_prog_compiler_c_o='"yes"'
lt_lt_cv_prog_compiler_c_o_CXX='"yes"'
lt_lt_cv_sys_global_symbol_pipe='"sed -n -e '\''s/^.*[ 	]\\([BCDEGRST][BCDEGRST]*\\)[ 	][ 	]*_\\([_A-Za-z][_A-Za-z0-9]*\\)\$/\\1 _\\2 \\2/p'\''"'
lt_lt_cv_sys_global_symbol_to_c_name_address='"sed -n -e '\''s/^: \\([^ ]*\\) \$/  {\\\"\\1\\\", (lt_ptr) 0},/p'\'' -e '\''s/^[BCDEGRST] \\([^ ]*\\) \\([^ ]*\\)\$/  {\"\\2\", (lt_ptr) \\&\\2},/p'\''"'
lt_lt_cv_sys_global_symbol_to_cdecl='"sed -n -e '\''s/^. .* \\(.*\\)\$/extern int \\1;/p'\''"'

## ----------------- ##
## Output variables. ##
## ----------------- ##

ACLOCAL='${SHELL} /Users/aaron/Documents/Code/GameEngine/lib/SDL_image/missing --run aclocal-1.10'
AMDEPBACKSLASH='\'
AMDEP_FALSE='#'
AMDEP_TRUE=''
AMTAR='${SHELL} /Users/aaron/Documents/Code/GameEngine/lib/SDL_image/missing --run tar'
AR='ar'
AS='as'
AUTOCONF='${SHELL} /Users/aaron/Documents/Code/GameEngine/lib/SDL_image/missing --run autoconf'
AUTOHEADER='${SHELL} /Users/aaron/Documents/Code/GameEngine/lib/SDL_image/missing --run autoheader'
AUTOMAKE='${SHELL} /Users/aaron/Documents/Code/GameEngine/lib/SDL_image/missing --run automake-1.10'
AWK='awk'
BINARY_AGE='7'
CC='gcc'
CCDEPMODE='depmode=gcc3'
CFLAGS='-g -O2 -I/usr/local/include/SDL -D_GNU_SOURCE=1 -D_THREAD_SAFE'
CPP='gcc -E'
CPPFLAGS=''
CXX='g++'
CXXCPP='g++ -E'
CXXDEPMODE='depmode=gcc3'
CXXFLAGS='-g -O2'
CYGPATH_W='echo'
DEFS='-DPACKAGE_NAME=\"\" -DPACKAGE_TARNAME=\"\" -DPACKAGE_VERSION=\"\" -DPACKAGE_STRING=\"\" -DPACKAGE_BUGREPORT=\"\" -DPACKAGE=\"SDL_image\" -DVERSION=\"1.2.7\" -DSTDC_HEADERS=1 -DHAVE_SYS_TYPES_H=1 -DHAVE_SYS_STAT_H=1 -DHAVE_STDLIB_H=1 -DHAVE_STRING_H=1 -DHAVE_MEMORY_H=1 -DHAVE_STRINGS_H=1 -DHAVE_INTTYPES_H=1 -DHAVE_STDINT_H=1 -DHAVE_UNISTD_H=1 -DHAVE_DLFCN_H=1 -DLOAD_BMP=1 -DLOAD_GIF=1 -DLOAD_LBM=1 -DLOAD_PCX=1 -DLOAD_PNM=1 -DLOAD_TGA=1 -DLOAD_XCF=1 -DLOAD_XPM=1 -DLOAD_XV=1'
DEPDIR='.deps'
DLLTOOL='dlltool'
ECHO='/bin/echo'
ECHO_C='ECHO_N=''
ECHO_T=''
EGREP='/usr/bin/grep -E'
EXEEXT=''
F77=''
FFLAGS=''
GREP='/usr/bin/grep'
IMG_LIBS=''
INSTALL_DATA='${INSTALL} -m 644'
INSTALL_PROGRAM='${INSTALL}'
INSTALL_SCRIPT='${INSTALL}'
INSTALL_STRIP_PROGRAM='$(install_sh) -c -s'
INTERFACE_AGE='6'
LDFLAGS=''
LIBOBJS=''
LIBS=' -L/usr/local/lib -lSDL'
LIBTOOL='$(SHELL) $(top_builddir)/libtool'
LN_S='ln -s'
LTLIBOBJS=''
LT_AGE='1'
LT_CURRENT='1'
LT_RELEASE='1.2'
LT_REVISION='6'
MAJOR_VERSION='1'
MAKEINFO='${SHELL} /Users/aaron/Documents/Code/GameEngine/lib/SDL_image/missing --run makeinfo'
MICRO_VERSION='7'
MINOR_VERSION='2'
OBJDUMP='objdump'
OBJEXT='o'
PACKAGE='SDL_image'
PACKAGE_BUGREPORT=''
PACKAGE_NAME=''
PACKAGE_STRING=''
PACKAGE_TARNAME=''
PACKAGE_VERSION=''
PATH_SEPARATOR=':'
RANLIB='ranlib'
SDL_CFLAGS='-I/usr/local/include/SDL -D_GNU_SOURCE=1 -D_THREAD_SAFE'
SDL_CONFIG='/usr/local/bin/sdl-config'
SDL_LIBS='-L/usr/local/lib -lSDL'
SET_MAKE=''
SHELL='/bin/sh'
STRIP='strip'
USE_VERSION_RC_FALSE=''
USE_VERSION_RC_TRUE='#'
VERSION='1.2.7'
WINDRES=''
ac_ct_CC='gcc'
ac_ct_CXX='g++'
ac_ct_F77=''
am__fastdepCC_FALSE='#'
am__fastdepCC_TRUE=''
am__fastdepCXX_FALSE='#'
am__fastdepCXX_TRUE=''
am__include='include'
am__isrc=''
am__leading_dot='.'
am__quote=''
am__tar='${AMTAR} chof - "$$tardir"'
am__untar='${AMTAR} xf -'
bindir='${exec_prefix}/bin'
build='i386-apple-darwin9.1.0'
build_alias=''
build_cpu='i386'
build_os='darwin9.1.0'
build_vendor='apple'
datadir='${datarootdir}'
datarootdir='${prefix}/share'
docdir='${datarootdir}/doc/${PACKAGE}'
dvidir='${docdir}'
exec_prefix='${prefix}'
host='i386-apple-darwin9.1.0'
host_alias=''
host_cpu='i386'
host_os='darwin9.1.0'
host_vendor='apple'
htmldir='${docdir}'
includedir='${prefix}/include'
infodir='${datarootdir}/info'
install_sh='$(SHELL) /Users/aaron/Documents/Code/GameEngine/lib/SDL_image/install-sh'
libdir='${exec_prefix}/lib'
libexecdir='${exec_prefix}/libexec'
localedir='${datarootdir}/locale'
localstatedir='${prefix}/var'
mandir='${datarootdir}/man'
mkdir_p='$(top_builddir)/./install-sh -c -d'
oldincludedir='/usr/include'
pdfdir='${docdir}'
prefix='/usr/local'
program_transform_name='s,x,x,'
psdir='${docdir}'
sbindir='${exec_prefix}/sbin'
sharedstatedir='${prefix}/com'
sysconfdir='${prefix}/etc'
target_alias=''

## ----------- ##
## confdefs.h. ##
## ----------- ##

#define PACKAGE_NAME ""
#define PACKAGE_TARNAME ""
#define PACKAGE_VERSION ""
#define PACKAGE_STRING ""
#define PACKAGE_BUGREPORT ""
#define PACKAGE "SDL_image"
#define VERSION "1.2.7"
#define STDC_HEADERS 1
#define HAVE_SYS_TYPES_H 1
#define HAVE_SYS_STAT_H 1
#define HAVE_STDLIB_H 1
#define HAVE_STRING_H 1
#define HAVE_MEMORY_H 1
#define HAVE_STRINGS_H 1
#define HAVE_INTTYPES_H 1
#define HAVE_STDINT_H 1
#define HAVE_UNISTD_H 1
#define HAVE_DLFCN_H 1
#define LOAD_BMP 1
#define LOAD_GIF 1
#define LOAD_LBM 1
#define LOAD_PCX 1
#define LOAD_PNM 1
#define LOAD_TGA 1
#define LOAD_XCF 1
#define LOAD_XPM 1
#define LOAD_XV 1

configure: exit 0
