The system is: Darwin - 9.1.0 - i386
Compiling the C compiler identification source file "CMakeCCompilerId.c" succeeded.
Compiler: /usr/bin/gcc 
Build flags: 
Id flags: 

The output was:
0


Compilation of the C compiler identification source "CMakeCCompilerId.c" produced "a.out"

The C compiler identification is GNU, found in "/Users/aaron/Documents/Code/GameEngine/lib/PhysicsFS/CMakeFiles/CompilerIdC/a.out"

Compiling the CXX compiler identification source file "CMakeCXXCompilerId.cpp" succeeded.
Compiler: /usr/bin/g++ 
Build flags: 
Id flags: 

The output was:
0


Compilation of the CXX compiler identification source "CMakeCXXCompilerId.cpp" produced "a.out"

The CXX compiler identification is GNU, found in "/Users/aaron/Documents/Code/GameEngine/lib/PhysicsFS/CMakeFiles/CompilerIdCXX/a.out"

Determining if the C compiler works passed with the following output:
Change Dir: /Users/aaron/Documents/Code/GameEngine/lib/PhysicsFS/CMakeFiles/CMakeTmp

Run Build Command:/Applications/CMake\ 2.6-4.app/Contents/bin/cmakexbuild -project CMAKE_TRY_COMPILE.xcodeproj build -target cmTryCompileExec -configuration Debug
=== BUILDING NATIVE TARGET cmTryCompileExec WITH CONFIGURATION Debug ===

Checking Dependencies...

PhaseScriptExecution /Users/aaron/Documents/Code/GameEngine/lib/PhysicsFS/CMakeFiles/CMakeTmp/CMAKE_TRY_COMPILE.build/Debug/cmTryCompileExec.build/Script-D95300D95300D95300000000.sh
    cd /Users/aaron/Documents/Code/GameEngine/lib/PhysicsFS/CMakeFiles/CMakeTmp
    /bin/sh -c /Users/aaron/Documents/Code/GameEngine/lib/PhysicsFS/CMakeFiles/CMakeTmp/CMAKE_TRY_COMPILE.build/Debug/cmTryCompileExec.build/Script-D95300D95300D95300000000.sh
make: `CMakeFiles/cmake.check_cache' is up to date.

CompileC CMAKE_TRY_COMPILE.build/Debug/cmTryCompileExec.build/Objects-normal/i386/testCCompiler.o /Users/aaron/Documents/Code/GameEngine/lib/PhysicsFS/CMakeFiles/CMakeTmp/testCCompiler.c normal i386 c com.apple.compilers.gcc.4_0
    cd /Users/aaron/Documents/Code/GameEngine/lib/PhysicsFS/CMakeFiles/CMakeTmp
    /Developer/usr/bin/gcc-4.0 -x c -arch i386 -pipe -Wno-trigraphs -fpascal-strings -fasm-blocks -O0 -mdynamic-no-pic -DCMAKE_INTDIR="Debug" -fmessage-length=0 -gdwarf-2 -Wmost -Wno-four-char-constants -Wno-unknown-pragmas -F/Users/aaron/Documents/Code/GameEngine/lib/PhysicsFS/CMakeFiles/CMakeTmp/Debug -I/Users/aaron/Documents/Code/GameEngine/lib/PhysicsFS/CMakeFiles/CMakeTmp/Debug/include -I/Users/aaron/Documents/Code/GameEngine/lib/PhysicsFS/CMakeFiles/CMakeTmp/CMAKE_TRY_COMPILE.build/Debug/cmTryCompileExec.build/DerivedSources -c /Users/aaron/Documents/Code/GameEngine/lib/PhysicsFS/CMakeFiles/CMakeTmp/testCCompiler.c -o /Users/aaron/Documents/Code/GameEngine/lib/PhysicsFS/CMakeFiles/CMakeTmp/CMAKE_TRY_COMPILE.build/Debug/cmTryCompileExec.build/Objects-normal/i386/testCCompiler.o

Ld /Users/aaron/Documents/Code/GameEngine/lib/PhysicsFS/CMakeFiles/CMakeTmp/Debug/cmTryCompileExec normal i386
    mkdir /Users/aaron/Documents/Code/GameEngine/lib/PhysicsFS/CMakeFiles/CMakeTmp/Debug
    cd /Users/aaron/Documents/Code/GameEngine/lib/PhysicsFS/CMakeFiles/CMakeTmp
    /Developer/usr/bin/gcc-4.0 -o /Users/aaron/Documents/Code/GameEngine/lib/PhysicsFS/CMakeFiles/CMakeTmp/Debug/cmTryCompileExec -L/Users/aaron/Documents/Code/GameEngine/lib/PhysicsFS/CMakeFiles/CMakeTmp/Debug -F/Users/aaron/Documents/Code/GameEngine/lib/PhysicsFS/CMakeFiles/CMakeTmp/Debug -filelist /Users/aaron/Documents/Code/GameEngine/lib/PhysicsFS/CMakeFiles/CMakeTmp/CMAKE_TRY_COMPILE.build/Debug/cmTryCompileExec.build/Objects-normal/i386/cmTryCompileExec.LinkFileList -arch i386 -Wl,-search_paths_first -headerpad_max_install_names

PhaseScriptExecution /Users/aaron/Documents/Code/GameEngine/lib/PhysicsFS/CMakeFiles/CMakeTmp/CMAKE_TRY_COMPILE.build/Debug/cmTryCompileExec.build/Script-D958E0D958E0D958E0000000.sh
    cd /Users/aaron/Documents/Code/GameEngine/lib/PhysicsFS/CMakeFiles/CMakeTmp
    /bin/sh -c /Users/aaron/Documents/Code/GameEngine/lib/PhysicsFS/CMakeFiles/CMakeTmp/CMAKE_TRY_COMPILE.build/Debug/cmTryCompileExec.build/Script-D958E0D958E0D958E0000000.sh
echo "Depend check for xcode"
Depend check for xcode
cd /Users/aaron/Documents/Code/GameEngine/lib/PhysicsFS/CMakeFiles/CMakeTmp && make -C /Users/aaron/Documents/Code/GameEngine/lib/PhysicsFS/CMakeFiles/CMakeTmp -f /Users/aaron/Documents/Code/GameEngine/lib/PhysicsFS/CMakeFiles/CMakeTmp/CMakeScripts/XCODE_DEPEND_HELPER.make all.Debug
make[1]: Nothing to be done for `all.Debug'.
** BUILD SUCCEEDED **


Detecting C compiler ABI info compiled with the following output:
Change Dir: /Users/aaron/Documents/Code/GameEngine/lib/PhysicsFS/CMakeFiles/CMakeTmp

Run Build Command:/Applications/CMake\ 2.6-4.app/Contents/bin/cmakexbuild -project CMAKE_TRY_COMPILE.xcodeproj build -target cmTryCompileExec -configuration Debug
=== BUILDING NATIVE TARGET cmTryCompileExec WITH CONFIGURATION Debug ===

Checking Dependencies...

PhaseScriptExecution /Users/aaron/Documents/Code/GameEngine/lib/PhysicsFS/CMakeFiles/CMakeTmp/CMAKE_TRY_COMPILE.build/Debug/cmTryCompileExec.build/Script-D9A370D9A370D9A370000000.sh
    cd /Users/aaron/Documents/Code/GameEngine/lib/PhysicsFS/CMakeFiles/CMakeTmp
    /bin/sh -c /Users/aaron/Documents/Code/GameEngine/lib/PhysicsFS/CMakeFiles/CMakeTmp/CMAKE_TRY_COMPILE.build/Debug/cmTryCompileExec.build/Script-D9A370D9A370D9A370000000.sh
make: `CMakeFiles/cmake.check_cache' is up to date.

CompileC CMAKE_TRY_COMPILE.build/Debug/cmTryCompileExec.build/Objects-normal/i386/CMakeCCompilerABI.o "/Applications/CMake 2.6-4.app/Contents/share/cmake-2.6/Modules/CMakeCCompilerABI.c" normal i386 c com.apple.compilers.gcc.4_0
    cd /Users/aaron/Documents/Code/GameEngine/lib/PhysicsFS/CMakeFiles/CMakeTmp
    /Developer/usr/bin/gcc-4.0 -x c -arch i386 -pipe -Wno-trigraphs -fpascal-strings -fasm-blocks -O0 -mdynamic-no-pic -DCMAKE_INTDIR="Debug" -fmessage-length=0 -gdwarf-2 -Wmost -Wno-four-char-constants -Wno-unknown-pragmas -F/Users/aaron/Documents/Code/GameEngine/lib/PhysicsFS/CMakeFiles/CMakeTmp/Debug -I/Users/aaron/Documents/Code/GameEngine/lib/PhysicsFS/CMakeFiles/CMakeTmp/Debug/include -I/Users/aaron/Documents/Code/GameEngine/lib/PhysicsFS/CMakeFiles/CMakeTmp/CMAKE_TRY_COMPILE.build/Debug/cmTryCompileExec.build/DerivedSources -c "/Applications/CMake 2.6-4.app/Contents/share/cmake-2.6/Modules/CMakeCCompilerABI.c" -o /Users/aaron/Documents/Code/GameEngine/lib/PhysicsFS/CMakeFiles/CMakeTmp/CMAKE_TRY_COMPILE.build/Debug/cmTryCompileExec.build/Objects-normal/i386/CMakeCCompilerABI.o

Ld /Users/aaron/Documents/Code/GameEngine/lib/PhysicsFS/CMakeFiles/CMakeTmp/Debug/cmTryCompileExec normal i386
    cd /Users/aaron/Documents/Code/GameEngine/lib/PhysicsFS/CMakeFiles/CMakeTmp
    /Developer/usr/bin/gcc-4.0 -o /Users/aaron/Documents/Code/GameEngine/lib/PhysicsFS/CMakeFiles/CMakeTmp/Debug/cmTryCompileExec -L/Users/aaron/Documents/Code/GameEngine/lib/PhysicsFS/CMakeFiles/CMakeTmp/Debug -F/Users/aaron/Documents/Code/GameEngine/lib/PhysicsFS/CMakeFiles/CMakeTmp/Debug -filelist /Users/aaron/Documents/Code/GameEngine/lib/PhysicsFS/CMakeFiles/CMakeTmp/CMAKE_TRY_COMPILE.build/Debug/cmTryCompileExec.build/Objects-normal/i386/cmTryCompileExec.LinkFileList -arch i386 -Wl,-search_paths_first -headerpad_max_install_names

PhaseScriptExecution /Users/aaron/Documents/Code/GameEngine/lib/PhysicsFS/CMakeFiles/CMakeTmp/CMAKE_TRY_COMPILE.build/Debug/cmTryCompileExec.build/Script-D9AAB0D9AAB0D9AAB0000000.sh
    cd /Users/aaron/Documents/Code/GameEngine/lib/PhysicsFS/CMakeFiles/CMakeTmp
    /bin/sh -c /Users/aaron/Documents/Code/GameEngine/lib/PhysicsFS/CMakeFiles/CMakeTmp/CMAKE_TRY_COMPILE.build/Debug/cmTryCompileExec.build/Script-D9AAB0D9AAB0D9AAB0000000.sh
echo "Depend check for xcode"
Depend check for xcode
cd /Users/aaron/Documents/Code/GameEngine/lib/PhysicsFS/CMakeFiles/CMakeTmp && make -C /Users/aaron/Documents/Code/GameEngine/lib/PhysicsFS/CMakeFiles/CMakeTmp -f /Users/aaron/Documents/Code/GameEngine/lib/PhysicsFS/CMakeFiles/CMakeTmp/CMakeScripts/XCODE_DEPEND_HELPER.make all.Debug
make[1]: Nothing to be done for `all.Debug'.
** BUILD SUCCEEDED **


Determining if the CXX compiler works passed with the following output:
Change Dir: /Users/aaron/Documents/Code/GameEngine/lib/PhysicsFS/CMakeFiles/CMakeTmp

Run Build Command:/Applications/CMake\ 2.6-4.app/Contents/bin/cmakexbuild -project CMAKE_TRY_COMPILE.xcodeproj build -target cmTryCompileExec -configuration Debug
=== BUILDING NATIVE TARGET cmTryCompileExec WITH CONFIGURATION Debug ===

Checking Dependencies...

PhaseScriptExecution /Users/aaron/Documents/Code/GameEngine/lib/PhysicsFS/CMakeFiles/CMakeTmp/CMAKE_TRY_COMPILE.build/Debug/cmTryCompileExec.build/Script-D999E0D999E0D999E0000000.sh
    cd /Users/aaron/Documents/Code/GameEngine/lib/PhysicsFS/CMakeFiles/CMakeTmp
    /bin/sh -c /Users/aaron/Documents/Code/GameEngine/lib/PhysicsFS/CMakeFiles/CMakeTmp/CMAKE_TRY_COMPILE.build/Debug/cmTryCompileExec.build/Script-D999E0D999E0D999E0000000.sh
make: `CMakeFiles/cmake.check_cache' is up to date.

CompileC CMAKE_TRY_COMPILE.build/Debug/cmTryCompileExec.build/Objects-normal/i386/testCXXCompiler.o /Users/aaron/Documents/Code/GameEngine/lib/PhysicsFS/CMakeFiles/CMakeTmp/testCXXCompiler.cxx normal i386 c++ com.apple.compilers.gcc.4_0
    cd /Users/aaron/Documents/Code/GameEngine/lib/PhysicsFS/CMakeFiles/CMakeTmp
    /Developer/usr/bin/gcc-4.0 -x c++ -arch i386 -pipe -Wno-trigraphs -fpascal-strings -fasm-blocks -O0 -mdynamic-no-pic -DCMAKE_INTDIR="Debug" -fmessage-length=0 -gdwarf-2 -Wmost -Wno-four-char-constants -Wno-unknown-pragmas -F/Users/aaron/Documents/Code/GameEngine/lib/PhysicsFS/CMakeFiles/CMakeTmp/Debug -I/Users/aaron/Documents/Code/GameEngine/lib/PhysicsFS/CMakeFiles/CMakeTmp/Debug/include -I/Users/aaron/Documents/Code/GameEngine/lib/PhysicsFS/CMakeFiles/CMakeTmp/CMAKE_TRY_COMPILE.build/Debug/cmTryCompileExec.build/DerivedSources -c /Users/aaron/Documents/Code/GameEngine/lib/PhysicsFS/CMakeFiles/CMakeTmp/testCXXCompiler.cxx -o /Users/aaron/Documents/Code/GameEngine/lib/PhysicsFS/CMakeFiles/CMakeTmp/CMAKE_TRY_COMPILE.build/Debug/cmTryCompileExec.build/Objects-normal/i386/testCXXCompiler.o

Ld /Users/aaron/Documents/Code/GameEngine/lib/PhysicsFS/CMakeFiles/CMakeTmp/Debug/cmTryCompileExec normal i386
    cd /Users/aaron/Documents/Code/GameEngine/lib/PhysicsFS/CMakeFiles/CMakeTmp
    /Developer/usr/bin/g++-4.0 -o /Users/aaron/Documents/Code/GameEngine/lib/PhysicsFS/CMakeFiles/CMakeTmp/Debug/cmTryCompileExec -L/Users/aaron/Documents/Code/GameEngine/lib/PhysicsFS/CMakeFiles/CMakeTmp/Debug -F/Users/aaron/Documents/Code/GameEngine/lib/PhysicsFS/CMakeFiles/CMakeTmp/Debug -filelist /Users/aaron/Documents/Code/GameEngine/lib/PhysicsFS/CMakeFiles/CMakeTmp/CMAKE_TRY_COMPILE.build/Debug/cmTryCompileExec.build/Objects-normal/i386/cmTryCompileExec.LinkFileList -arch i386 -Wl,-search_paths_first -headerpad_max_install_names

PhaseScriptExecution /Users/aaron/Documents/Code/GameEngine/lib/PhysicsFS/CMakeFiles/CMakeTmp/CMAKE_TRY_COMPILE.build/Debug/cmTryCompileExec.build/Script-D9A120D9A120D9A120000000.sh
    cd /Users/aaron/Documents/Code/GameEngine/lib/PhysicsFS/CMakeFiles/CMakeTmp
    /bin/sh -c /Users/aaron/Documents/Code/GameEngine/lib/PhysicsFS/CMakeFiles/CMakeTmp/CMAKE_TRY_COMPILE.build/Debug/cmTryCompileExec.build/Script-D9A120D9A120D9A120000000.sh
echo "Depend check for xcode"
Depend check for xcode
cd /Users/aaron/Documents/Code/GameEngine/lib/PhysicsFS/CMakeFiles/CMakeTmp && make -C /Users/aaron/Documents/Code/GameEngine/lib/PhysicsFS/CMakeFiles/CMakeTmp -f /Users/aaron/Documents/Code/GameEngine/lib/PhysicsFS/CMakeFiles/CMakeTmp/CMakeScripts/XCODE_DEPEND_HELPER.make all.Debug
make[1]: Nothing to be done for `all.Debug'.
** BUILD SUCCEEDED **


Detecting CXX compiler ABI info compiled with the following output:
Change Dir: /Users/aaron/Documents/Code/GameEngine/lib/PhysicsFS/CMakeFiles/CMakeTmp

Run Build Command:/Applications/CMake\ 2.6-4.app/Contents/bin/cmakexbuild -project CMAKE_TRY_COMPILE.xcodeproj build -target cmTryCompileExec -configuration Debug
=== BUILDING NATIVE TARGET cmTryCompileExec WITH CONFIGURATION Debug ===

Checking Dependencies...

PhaseScriptExecution /Users/aaron/Documents/Code/GameEngine/lib/PhysicsFS/CMakeFiles/CMakeTmp/CMAKE_TRY_COMPILE.build/Debug/cmTryCompileExec.build/Script-D9EF00D9EF00D9EF00000000.sh
    cd /Users/aaron/Documents/Code/GameEngine/lib/PhysicsFS/CMakeFiles/CMakeTmp
    /bin/sh -c /Users/aaron/Documents/Code/GameEngine/lib/PhysicsFS/CMakeFiles/CMakeTmp/CMAKE_TRY_COMPILE.build/Debug/cmTryCompileExec.build/Script-D9EF00D9EF00D9EF00000000.sh
make: `CMakeFiles/cmake.check_cache' is up to date.

CompileC CMAKE_TRY_COMPILE.build/Debug/cmTryCompileExec.build/Objects-normal/i386/CMakeCXXCompilerABI.o "/Applications/CMake 2.6-4.app/Contents/share/cmake-2.6/Modules/CMakeCXXCompilerABI.cpp" normal i386 c++ com.apple.compilers.gcc.4_0
    cd /Users/aaron/Documents/Code/GameEngine/lib/PhysicsFS/CMakeFiles/CMakeTmp
    /Developer/usr/bin/gcc-4.0 -x c++ -arch i386 -pipe -Wno-trigraphs -fpascal-strings -fasm-blocks -O0 -mdynamic-no-pic -DCMAKE_INTDIR="Debug" -fmessage-length=0 -gdwarf-2 -Wmost -Wno-four-char-constants -Wno-unknown-pragmas -F/Users/aaron/Documents/Code/GameEngine/lib/PhysicsFS/CMakeFiles/CMakeTmp/Debug -I/Users/aaron/Documents/Code/GameEngine/lib/PhysicsFS/CMakeFiles/CMakeTmp/Debug/include -I/Users/aaron/Documents/Code/GameEngine/lib/PhysicsFS/CMakeFiles/CMakeTmp/CMAKE_TRY_COMPILE.build/Debug/cmTryCompileExec.build/DerivedSources -c "/Applications/CMake 2.6-4.app/Contents/share/cmake-2.6/Modules/CMakeCXXCompilerABI.cpp" -o /Users/aaron/Documents/Code/GameEngine/lib/PhysicsFS/CMakeFiles/CMakeTmp/CMAKE_TRY_COMPILE.build/Debug/cmTryCompileExec.build/Objects-normal/i386/CMakeCXXCompilerABI.o

Ld /Users/aaron/Documents/Code/GameEngine/lib/PhysicsFS/CMakeFiles/CMakeTmp/Debug/cmTryCompileExec normal i386
    cd /Users/aaron/Documents/Code/GameEngine/lib/PhysicsFS/CMakeFiles/CMakeTmp
    /Developer/usr/bin/g++-4.0 -o /Users/aaron/Documents/Code/GameEngine/lib/PhysicsFS/CMakeFiles/CMakeTmp/Debug/cmTryCompileExec -L/Users/aaron/Documents/Code/GameEngine/lib/PhysicsFS/CMakeFiles/CMakeTmp/Debug -F/Users/aaron/Documents/Code/GameEngine/lib/PhysicsFS/CMakeFiles/CMakeTmp/Debug -filelist /Users/aaron/Documents/Code/GameEngine/lib/PhysicsFS/CMakeFiles/CMakeTmp/CMAKE_TRY_COMPILE.build/Debug/cmTryCompileExec.build/Objects-normal/i386/cmTryCompileExec.LinkFileList -arch i386 -Wl,-search_paths_first -headerpad_max_install_names

PhaseScriptExecution /Users/aaron/Documents/Code/GameEngine/lib/PhysicsFS/CMakeFiles/CMakeTmp/CMAKE_TRY_COMPILE.build/Debug/cmTryCompileExec.build/Script-D9F640D9F640D9F640000000.sh
    cd /Users/aaron/Documents/Code/GameEngine/lib/PhysicsFS/CMakeFiles/CMakeTmp
    /bin/sh -c /Users/aaron/Documents/Code/GameEngine/lib/PhysicsFS/CMakeFiles/CMakeTmp/CMAKE_TRY_COMPILE.build/Debug/cmTryCompileExec.build/Script-D9F640D9F640D9F640000000.sh
echo "Depend check for xcode"
Depend check for xcode
cd /Users/aaron/Documents/Code/GameEngine/lib/PhysicsFS/CMakeFiles/CMakeTmp && make -C /Users/aaron/Documents/Code/GameEngine/lib/PhysicsFS/CMakeFiles/CMakeTmp -f /Users/aaron/Documents/Code/GameEngine/lib/PhysicsFS/CMakeFiles/CMakeTmp/CMakeScripts/XCODE_DEPEND_HELPER.make all.Debug
make[1]: Nothing to be done for `all.Debug'.
** BUILD SUCCEEDED **


Performing C SOURCE FILE Test PHYSFS_IS_GCC4 succeded with the following output:
Change Dir: /Users/aaron/Documents/Code/GameEngine/lib/PhysicsFS/CMakeFiles/CMakeTmp

Run Build Command:/Applications/CMake\ 2.6-4.app/Contents/bin/cmakexbuild -project CMAKE_TRY_COMPILE.xcodeproj build -target cmTryCompileExec -configuration Debug
=== BUILDING NATIVE TARGET cmTryCompileExec WITH CONFIGURATION Debug ===

Checking Dependencies...

PhaseScriptExecution /Users/aaron/Documents/Code/GameEngine/lib/PhysicsFS/CMakeFiles/CMakeTmp/CMAKE_TRY_COMPILE.build/Debug/cmTryCompileExec.build/Script-DA3200DA3200DA3200000000.sh
    cd /Users/aaron/Documents/Code/GameEngine/lib/PhysicsFS/CMakeFiles/CMakeTmp
    /bin/sh -c /Users/aaron/Documents/Code/GameEngine/lib/PhysicsFS/CMakeFiles/CMakeTmp/CMAKE_TRY_COMPILE.build/Debug/cmTryCompileExec.build/Script-DA3200DA3200DA3200000000.sh
make: `CMakeFiles/cmake.check_cache' is up to date.

CompileC CMAKE_TRY_COMPILE.build/Debug/cmTryCompileExec.build/Objects-normal/i386/src.o /Users/aaron/Documents/Code/GameEngine/lib/PhysicsFS/CMakeFiles/CMakeTmp/src.c normal i386 c com.apple.compilers.gcc.4_0
    cd /Users/aaron/Documents/Code/GameEngine/lib/PhysicsFS/CMakeFiles/CMakeTmp
    /Developer/usr/bin/gcc-4.0 -x c -arch i386 -pipe -Wno-trigraphs -fpascal-strings -fasm-blocks -O0 -mdynamic-no-pic -DCMAKE_INTDIR="Debug" -fmessage-length=0 -gdwarf-2 -Wmost -Wno-four-char-constants -Wno-unknown-pragmas -F/Users/aaron/Documents/Code/GameEngine/lib/PhysicsFS/CMakeFiles/CMakeTmp/Debug -I/Users/aaron/Documents/Code/GameEngine/lib/PhysicsFS/CMakeFiles/CMakeTmp/Debug/include -I/Users/aaron/Documents/Code/GameEngine/lib/PhysicsFS/CMakeFiles/CMakeTmp/CMAKE_TRY_COMPILE.build/Debug/cmTryCompileExec.build/DerivedSources -DPHYSFS_IS_GCC4 -c /Users/aaron/Documents/Code/GameEngine/lib/PhysicsFS/CMakeFiles/CMakeTmp/src.c -o /Users/aaron/Documents/Code/GameEngine/lib/PhysicsFS/CMakeFiles/CMakeTmp/CMAKE_TRY_COMPILE.build/Debug/cmTryCompileExec.build/Objects-normal/i386/src.o
/Users/aaron/Documents/Code/GameEngine/lib/PhysicsFS/CMakeFiles/CMakeTmp/src.c: In function ‘main’:
/Users/aaron/Documents/Code/GameEngine/lib/PhysicsFS/CMakeFiles/CMakeTmp/src.c:3: warning: unused variable ‘is_gcc4’

Ld /Users/aaron/Documents/Code/GameEngine/lib/PhysicsFS/CMakeFiles/CMakeTmp/Debug/cmTryCompileExec normal i386
    cd /Users/aaron/Documents/Code/GameEngine/lib/PhysicsFS/CMakeFiles/CMakeTmp
    /Developer/usr/bin/gcc-4.0 -o /Users/aaron/Documents/Code/GameEngine/lib/PhysicsFS/CMakeFiles/CMakeTmp/Debug/cmTryCompileExec -L/Users/aaron/Documents/Code/GameEngine/lib/PhysicsFS/CMakeFiles/CMakeTmp/Debug -F/Users/aaron/Documents/Code/GameEngine/lib/PhysicsFS/CMakeFiles/CMakeTmp/Debug -filelist /Users/aaron/Documents/Code/GameEngine/lib/PhysicsFS/CMakeFiles/CMakeTmp/CMAKE_TRY_COMPILE.build/Debug/cmTryCompileExec.build/Objects-normal/i386/cmTryCompileExec.LinkFileList -arch i386 -Wl,-search_paths_first -headerpad_max_install_names

PhaseScriptExecution /Users/aaron/Documents/Code/GameEngine/lib/PhysicsFS/CMakeFiles/CMakeTmp/CMAKE_TRY_COMPILE.build/Debug/cmTryCompileExec.build/Script-DA3940DA3940DA3940000000.sh
    cd /Users/aaron/Documents/Code/GameEngine/lib/PhysicsFS/CMakeFiles/CMakeTmp
    /bin/sh -c /Users/aaron/Documents/Code/GameEngine/lib/PhysicsFS/CMakeFiles/CMakeTmp/CMAKE_TRY_COMPILE.build/Debug/cmTryCompileExec.build/Script-DA3940DA3940DA3940000000.sh
echo "Depend check for xcode"
Depend check for xcode
cd /Users/aaron/Documents/Code/GameEngine/lib/PhysicsFS/CMakeFiles/CMakeTmp && make -C /Users/aaron/Documents/Code/GameEngine/lib/PhysicsFS/CMakeFiles/CMakeTmp -f /Users/aaron/Documents/Code/GameEngine/lib/PhysicsFS/CMakeFiles/CMakeTmp/CMakeScripts/XCODE_DEPEND_HELPER.make all.Debug
make[1]: Nothing to be done for `all.Debug'.
** BUILD SUCCEEDED **

Source file was:

        #if ((defined(__GNUC__)) && (__GNUC__ >= 4))
        int main(int argc, char **argv) { int is_gcc4 = 1; return 0; }
        #else
        #error This is not gcc4.
        #endif
    
Determining if the include file sys/ucred.h exists passed with the following output:
Change Dir: /Users/aaron/Documents/Code/GameEngine/lib/PhysicsFS/CMakeFiles/CMakeTmp

Run Build Command:/Applications/CMake\ 2.6-4.app/Contents/bin/cmakexbuild -project CMAKE_TRY_COMPILE.xcodeproj build -target cmTryCompileExec -configuration Debug
=== BUILDING NATIVE TARGET cmTryCompileExec WITH CONFIGURATION Debug ===

Checking Dependencies...

PhaseScriptExecution /Users/aaron/Documents/Code/GameEngine/lib/PhysicsFS/CMakeFiles/CMakeTmp/CMAKE_TRY_COMPILE.build/Debug/cmTryCompileExec.build/Script-DA42D0DA42D0DA42D0000000.sh
    cd /Users/aaron/Documents/Code/GameEngine/lib/PhysicsFS/CMakeFiles/CMakeTmp
    /bin/sh -c /Users/aaron/Documents/Code/GameEngine/lib/PhysicsFS/CMakeFiles/CMakeTmp/CMAKE_TRY_COMPILE.build/Debug/cmTryCompileExec.build/Script-DA42D0DA42D0DA42D0000000.sh
make: `CMakeFiles/cmake.check_cache' is up to date.

CompileC CMAKE_TRY_COMPILE.build/Debug/cmTryCompileExec.build/Objects-normal/i386/CheckIncludeFile.o /Users/aaron/Documents/Code/GameEngine/lib/PhysicsFS/CMakeFiles/CMakeTmp/CheckIncludeFile.c normal i386 c com.apple.compilers.gcc.4_0
    cd /Users/aaron/Documents/Code/GameEngine/lib/PhysicsFS/CMakeFiles/CMakeTmp
    /Developer/usr/bin/gcc-4.0 -x c -arch i386 -pipe -Wno-trigraphs -fpascal-strings -fasm-blocks -O0 -mdynamic-no-pic -DCMAKE_INTDIR="Debug" -fmessage-length=0 -gdwarf-2 -Wmost -Wno-four-char-constants -Wno-unknown-pragmas -F/Users/aaron/Documents/Code/GameEngine/lib/PhysicsFS/CMakeFiles/CMakeTmp/Debug -I/Users/aaron/Documents/Code/GameEngine/lib/PhysicsFS/CMakeFiles/CMakeTmp/Debug/include -I/Users/aaron/Documents/Code/GameEngine/lib/PhysicsFS/CMakeFiles/CMakeTmp/CMAKE_TRY_COMPILE.build/Debug/cmTryCompileExec.build/DerivedSources -c /Users/aaron/Documents/Code/GameEngine/lib/PhysicsFS/CMakeFiles/CMakeTmp/CheckIncludeFile.c -o /Users/aaron/Documents/Code/GameEngine/lib/PhysicsFS/CMakeFiles/CMakeTmp/CMAKE_TRY_COMPILE.build/Debug/cmTryCompileExec.build/Objects-normal/i386/CheckIncludeFile.o

Ld /Users/aaron/Documents/Code/GameEngine/lib/PhysicsFS/CMakeFiles/CMakeTmp/Debug/cmTryCompileExec normal i386
    cd /Users/aaron/Documents/Code/GameEngine/lib/PhysicsFS/CMakeFiles/CMakeTmp
    /Developer/usr/bin/gcc-4.0 -o /Users/aaron/Documents/Code/GameEngine/lib/PhysicsFS/CMakeFiles/CMakeTmp/Debug/cmTryCompileExec -L/Users/aaron/Documents/Code/GameEngine/lib/PhysicsFS/CMakeFiles/CMakeTmp/Debug -F/Users/aaron/Documents/Code/GameEngine/lib/PhysicsFS/CMakeFiles/CMakeTmp/Debug -filelist /Users/aaron/Documents/Code/GameEngine/lib/PhysicsFS/CMakeFiles/CMakeTmp/CMAKE_TRY_COMPILE.build/Debug/cmTryCompileExec.build/Objects-normal/i386/cmTryCompileExec.LinkFileList -arch i386 -Wl,-search_paths_first -headerpad_max_install_names

PhaseScriptExecution /Users/aaron/Documents/Code/GameEngine/lib/PhysicsFS/CMakeFiles/CMakeTmp/CMAKE_TRY_COMPILE.build/Debug/cmTryCompileExec.build/Script-DA4A10DA4A10DA4A10000000.sh
    cd /Users/aaron/Documents/Code/GameEngine/lib/PhysicsFS/CMakeFiles/CMakeTmp
    /bin/sh -c /Users/aaron/Documents/Code/GameEngine/lib/PhysicsFS/CMakeFiles/CMakeTmp/CMAKE_TRY_COMPILE.build/Debug/cmTryCompileExec.build/Script-DA4A10DA4A10DA4A10000000.sh
echo "Depend check for xcode"
Depend check for xcode
cd /Users/aaron/Documents/Code/GameEngine/lib/PhysicsFS/CMakeFiles/CMakeTmp && make -C /Users/aaron/Documents/Code/GameEngine/lib/PhysicsFS/CMakeFiles/CMakeTmp -f /Users/aaron/Documents/Code/GameEngine/lib/PhysicsFS/CMakeFiles/CMakeTmp/CMakeScripts/XCODE_DEPEND_HELPER.make all.Debug
make[1]: Nothing to be done for `all.Debug'.
** BUILD SUCCEEDED **


Determining if the include file pthread.h exists passed with the following output:
Change Dir: /Users/aaron/Documents/Code/GameEngine/lib/PhysicsFS/CMakeFiles/CMakeTmp

Run Build Command:/Applications/CMake\ 2.6-4.app/Contents/bin/cmakexbuild -project CMAKE_TRY_COMPILE.xcodeproj build -target cmTryCompileExec -configuration Debug
=== BUILDING NATIVE TARGET cmTryCompileExec WITH CONFIGURATION Debug ===

Checking Dependencies...

PhaseScriptExecution /Users/aaron/Documents/Code/GameEngine/lib/PhysicsFS/CMakeFiles/CMakeTmp/CMAKE_TRY_COMPILE.build/Debug/cmTryCompileExec.build/Script-DA5D50DA5D50DA5D50000000.sh
    cd /Users/aaron/Documents/Code/GameEngine/lib/PhysicsFS/CMakeFiles/CMakeTmp
    /bin/sh -c /Users/aaron/Documents/Code/GameEngine/lib/PhysicsFS/CMakeFiles/CMakeTmp/CMAKE_TRY_COMPILE.build/Debug/cmTryCompileExec.build/Script-DA5D50DA5D50DA5D50000000.sh
make: `CMakeFiles/cmake.check_cache' is up to date.

CompileC CMAKE_TRY_COMPILE.build/Debug/cmTryCompileExec.build/Objects-normal/i386/CheckIncludeFile.o /Users/aaron/Documents/Code/GameEngine/lib/PhysicsFS/CMakeFiles/CMakeTmp/CheckIncludeFile.c normal i386 c com.apple.compilers.gcc.4_0
    cd /Users/aaron/Documents/Code/GameEngine/lib/PhysicsFS/CMakeFiles/CMakeTmp
    /Developer/usr/bin/gcc-4.0 -x c -arch i386 -pipe -Wno-trigraphs -fpascal-strings -fasm-blocks -O0 -mdynamic-no-pic -DCMAKE_INTDIR="Debug" -fmessage-length=0 -gdwarf-2 -Wmost -Wno-four-char-constants -Wno-unknown-pragmas -F/Users/aaron/Documents/Code/GameEngine/lib/PhysicsFS/CMakeFiles/CMakeTmp/Debug -I/Users/aaron/Documents/Code/GameEngine/lib/PhysicsFS/CMakeFiles/CMakeTmp/Debug/include -I/Users/aaron/Documents/Code/GameEngine/lib/PhysicsFS/CMakeFiles/CMakeTmp/CMAKE_TRY_COMPILE.build/Debug/cmTryCompileExec.build/DerivedSources -c /Users/aaron/Documents/Code/GameEngine/lib/PhysicsFS/CMakeFiles/CMakeTmp/CheckIncludeFile.c -o /Users/aaron/Documents/Code/GameEngine/lib/PhysicsFS/CMakeFiles/CMakeTmp/CMAKE_TRY_COMPILE.build/Debug/cmTryCompileExec.build/Objects-normal/i386/CheckIncludeFile.o

Ld /Users/aaron/Documents/Code/GameEngine/lib/PhysicsFS/CMakeFiles/CMakeTmp/Debug/cmTryCompileExec normal i386
    cd /Users/aaron/Documents/Code/GameEngine/lib/PhysicsFS/CMakeFiles/CMakeTmp
    /Developer/usr/bin/gcc-4.0 -o /Users/aaron/Documents/Code/GameEngine/lib/PhysicsFS/CMakeFiles/CMakeTmp/Debug/cmTryCompileExec -L/Users/aaron/Documents/Code/GameEngine/lib/PhysicsFS/CMakeFiles/CMakeTmp/Debug -F/Users/aaron/Documents/Code/GameEngine/lib/PhysicsFS/CMakeFiles/CMakeTmp/Debug -filelist /Users/aaron/Documents/Code/GameEngine/lib/PhysicsFS/CMakeFiles/CMakeTmp/CMAKE_TRY_COMPILE.build/Debug/cmTryCompileExec.build/Objects-normal/i386/cmTryCompileExec.LinkFileList -arch i386 -Wl,-search_paths_first -headerpad_max_install_names

PhaseScriptExecution /Users/aaron/Documents/Code/GameEngine/lib/PhysicsFS/CMakeFiles/CMakeTmp/CMAKE_TRY_COMPILE.build/Debug/cmTryCompileExec.build/Script-DA6490DA6490DA6490000000.sh
    cd /Users/aaron/Documents/Code/GameEngine/lib/PhysicsFS/CMakeFiles/CMakeTmp
    /bin/sh -c /Users/aaron/Documents/Code/GameEngine/lib/PhysicsFS/CMakeFiles/CMakeTmp/CMAKE_TRY_COMPILE.build/Debug/cmTryCompileExec.build/Script-DA6490DA6490DA6490000000.sh
echo "Depend check for xcode"
Depend check for xcode
cd /Users/aaron/Documents/Code/GameEngine/lib/PhysicsFS/CMakeFiles/CMakeTmp && make -C /Users/aaron/Documents/Code/GameEngine/lib/PhysicsFS/CMakeFiles/CMakeTmp -f /Users/aaron/Documents/Code/GameEngine/lib/PhysicsFS/CMakeFiles/CMakeTmp/CMakeScripts/XCODE_DEPEND_HELPER.make all.Debug
make[1]: Nothing to be done for `all.Debug'.
** BUILD SUCCEEDED **


Determining if the include file assert.h exists passed with the following output:
Change Dir: /Users/aaron/Documents/Code/GameEngine/lib/PhysicsFS/CMakeFiles/CMakeTmp

Run Build Command:/Applications/CMake\ 2.6-4.app/Contents/bin/cmakexbuild -project CMAKE_TRY_COMPILE.xcodeproj build -target cmTryCompileExec -configuration Debug
=== BUILDING NATIVE TARGET cmTryCompileExec WITH CONFIGURATION Debug ===

Checking Dependencies...

PhaseScriptExecution /Users/aaron/Documents/Code/GameEngine/lib/PhysicsFS/CMakeFiles/CMakeTmp/CMAKE_TRY_COMPILE.build/Debug/cmTryCompileExec.build/Script-DA65F0DA65F0DA65F0000000.sh
    cd /Users/aaron/Documents/Code/GameEngine/lib/PhysicsFS/CMakeFiles/CMakeTmp
    /bin/sh -c /Users/aaron/Documents/Code/GameEngine/lib/PhysicsFS/CMakeFiles/CMakeTmp/CMAKE_TRY_COMPILE.build/Debug/cmTryCompileExec.build/Script-DA65F0DA65F0DA65F0000000.sh
make: `CMakeFiles/cmake.check_cache' is up to date.

CompileC CMAKE_TRY_COMPILE.build/Debug/cmTryCompileExec.build/Objects-normal/i386/CheckIncludeFile.o /Users/aaron/Documents/Code/GameEngine/lib/PhysicsFS/CMakeFiles/CMakeTmp/CheckIncludeFile.c normal i386 c com.apple.compilers.gcc.4_0
    cd /Users/aaron/Documents/Code/GameEngine/lib/PhysicsFS/CMakeFiles/CMakeTmp
    /Developer/usr/bin/gcc-4.0 -x c -arch i386 -pipe -Wno-trigraphs -fpascal-strings -fasm-blocks -O0 -mdynamic-no-pic -DCMAKE_INTDIR="Debug" -fmessage-length=0 -gdwarf-2 -Wmost -Wno-four-char-constants -Wno-unknown-pragmas -F/Users/aaron/Documents/Code/GameEngine/lib/PhysicsFS/CMakeFiles/CMakeTmp/Debug -I/Users/aaron/Documents/Code/GameEngine/lib/PhysicsFS/CMakeFiles/CMakeTmp/Debug/include -I/Users/aaron/Documents/Code/GameEngine/lib/PhysicsFS/CMakeFiles/CMakeTmp/CMAKE_TRY_COMPILE.build/Debug/cmTryCompileExec.build/DerivedSources -c /Users/aaron/Documents/Code/GameEngine/lib/PhysicsFS/CMakeFiles/CMakeTmp/CheckIncludeFile.c -o /Users/aaron/Documents/Code/GameEngine/lib/PhysicsFS/CMakeFiles/CMakeTmp/CMAKE_TRY_COMPILE.build/Debug/cmTryCompileExec.build/Objects-normal/i386/CheckIncludeFile.o

Ld /Users/aaron/Documents/Code/GameEngine/lib/PhysicsFS/CMakeFiles/CMakeTmp/Debug/cmTryCompileExec normal i386
    cd /Users/aaron/Documents/Code/GameEngine/lib/PhysicsFS/CMakeFiles/CMakeTmp
    /Developer/usr/bin/gcc-4.0 -o /Users/aaron/Documents/Code/GameEngine/lib/PhysicsFS/CMakeFiles/CMakeTmp/Debug/cmTryCompileExec -L/Users/aaron/Documents/Code/GameEngine/lib/PhysicsFS/CMakeFiles/CMakeTmp/Debug -F/Users/aaron/Documents/Code/GameEngine/lib/PhysicsFS/CMakeFiles/CMakeTmp/Debug -filelist /Users/aaron/Documents/Code/GameEngine/lib/PhysicsFS/CMakeFiles/CMakeTmp/CMAKE_TRY_COMPILE.build/Debug/cmTryCompileExec.build/Objects-normal/i386/cmTryCompileExec.LinkFileList -arch i386 -Wl,-search_paths_first -headerpad_max_install_names

PhaseScriptExecution /Users/aaron/Documents/Code/GameEngine/lib/PhysicsFS/CMakeFiles/CMakeTmp/CMAKE_TRY_COMPILE.build/Debug/cmTryCompileExec.build/Script-DA6D30DA6D30DA6D30000000.sh
    cd /Users/aaron/Documents/Code/GameEngine/lib/PhysicsFS/CMakeFiles/CMakeTmp
    /bin/sh -c /Users/aaron/Documents/Code/GameEngine/lib/PhysicsFS/CMakeFiles/CMakeTmp/CMAKE_TRY_COMPILE.build/Debug/cmTryCompileExec.build/Script-DA6D30DA6D30DA6D30000000.sh
echo "Depend check for xcode"
Depend check for xcode
cd /Users/aaron/Documents/Code/GameEngine/lib/PhysicsFS/CMakeFiles/CMakeTmp && make -C /Users/aaron/Documents/Code/GameEngine/lib/PhysicsFS/CMakeFiles/CMakeTmp -f /Users/aaron/Documents/Code/GameEngine/lib/PhysicsFS/CMakeFiles/CMakeTmp/CMakeScripts/XCODE_DEPEND_HELPER.make all.Debug
make[1]: Nothing to be done for `all.Debug'.
** BUILD SUCCEEDED **


Determining if the include file zlib.h exists passed with the following output:
Change Dir: /Users/aaron/Documents/Code/GameEngine/lib/PhysicsFS/CMakeFiles/CMakeTmp

Run Build Command:/Applications/CMake\ 2.6-4.app/Contents/bin/cmakexbuild -project CMAKE_TRY_COMPILE.xcodeproj build -target cmTryCompileExec -configuration Debug
=== BUILDING NATIVE TARGET cmTryCompileExec WITH CONFIGURATION Debug ===

Checking Dependencies...

PhaseScriptExecution /Users/aaron/Documents/Code/GameEngine/lib/PhysicsFS/CMakeFiles/CMakeTmp/CMAKE_TRY_COMPILE.build/Debug/cmTryCompileExec.build/Script-DA7FF0DA7FF0DA7FF0000000.sh
    cd /Users/aaron/Documents/Code/GameEngine/lib/PhysicsFS/CMakeFiles/CMakeTmp
    /bin/sh -c /Users/aaron/Documents/Code/GameEngine/lib/PhysicsFS/CMakeFiles/CMakeTmp/CMAKE_TRY_COMPILE.build/Debug/cmTryCompileExec.build/Script-DA7FF0DA7FF0DA7FF0000000.sh
make: `CMakeFiles/cmake.check_cache' is up to date.

CompileC CMAKE_TRY_COMPILE.build/Debug/cmTryCompileExec.build/Objects-normal/i386/CheckIncludeFile.o /Users/aaron/Documents/Code/GameEngine/lib/PhysicsFS/CMakeFiles/CMakeTmp/CheckIncludeFile.c normal i386 c com.apple.compilers.gcc.4_0
    cd /Users/aaron/Documents/Code/GameEngine/lib/PhysicsFS/CMakeFiles/CMakeTmp
    /Developer/usr/bin/gcc-4.0 -x c -arch i386 -pipe -Wno-trigraphs -fpascal-strings -fasm-blocks -O0 -mdynamic-no-pic -DCMAKE_INTDIR="Debug" -fmessage-length=0 -gdwarf-2 -Wmost -Wno-four-char-constants -Wno-unknown-pragmas -F/Users/aaron/Documents/Code/GameEngine/lib/PhysicsFS/CMakeFiles/CMakeTmp/Debug -I/Users/aaron/Documents/Code/GameEngine/lib/PhysicsFS/CMakeFiles/CMakeTmp/Debug/include -I/Users/aaron/Documents/Code/GameEngine/lib/PhysicsFS/CMakeFiles/CMakeTmp/CMAKE_TRY_COMPILE.build/Debug/cmTryCompileExec.build/DerivedSources -c /Users/aaron/Documents/Code/GameEngine/lib/PhysicsFS/CMakeFiles/CMakeTmp/CheckIncludeFile.c -o /Users/aaron/Documents/Code/GameEngine/lib/PhysicsFS/CMakeFiles/CMakeTmp/CMAKE_TRY_COMPILE.build/Debug/cmTryCompileExec.build/Objects-normal/i386/CheckIncludeFile.o

Ld /Users/aaron/Documents/Code/GameEngine/lib/PhysicsFS/CMakeFiles/CMakeTmp/Debug/cmTryCompileExec normal i386
    cd /Users/aaron/Documents/Code/GameEngine/lib/PhysicsFS/CMakeFiles/CMakeTmp
    /Developer/usr/bin/gcc-4.0 -o /Users/aaron/Documents/Code/GameEngine/lib/PhysicsFS/CMakeFiles/CMakeTmp/Debug/cmTryCompileExec -L/Users/aaron/Documents/Code/GameEngine/lib/PhysicsFS/CMakeFiles/CMakeTmp/Debug -F/Users/aaron/Documents/Code/GameEngine/lib/PhysicsFS/CMakeFiles/CMakeTmp/Debug -filelist /Users/aaron/Documents/Code/GameEngine/lib/PhysicsFS/CMakeFiles/CMakeTmp/CMAKE_TRY_COMPILE.build/Debug/cmTryCompileExec.build/Objects-normal/i386/cmTryCompileExec.LinkFileList -arch i386 -Wl,-search_paths_first -headerpad_max_install_names

PhaseScriptExecution /Users/aaron/Documents/Code/GameEngine/lib/PhysicsFS/CMakeFiles/CMakeTmp/CMAKE_TRY_COMPILE.build/Debug/cmTryCompileExec.build/Script-DA8730DA8730DA8730000000.sh
    cd /Users/aaron/Documents/Code/GameEngine/lib/PhysicsFS/CMakeFiles/CMakeTmp
    /bin/sh -c /Users/aaron/Documents/Code/GameEngine/lib/PhysicsFS/CMakeFiles/CMakeTmp/CMAKE_TRY_COMPILE.build/Debug/cmTryCompileExec.build/Script-DA8730DA8730DA8730000000.sh
echo "Depend check for xcode"
Depend check for xcode
cd /Users/aaron/Documents/Code/GameEngine/lib/PhysicsFS/CMakeFiles/CMakeTmp && make -C /Users/aaron/Documents/Code/GameEngine/lib/PhysicsFS/CMakeFiles/CMakeTmp -f /Users/aaron/Documents/Code/GameEngine/lib/PhysicsFS/CMakeFiles/CMakeTmp/CMakeScripts/XCODE_DEPEND_HELPER.make all.Debug
make[1]: Nothing to be done for `all.Debug'.
** BUILD SUCCEEDED **


Determining if the function inflate exists in the z passed with the following output:
Change Dir: /Users/aaron/Documents/Code/GameEngine/lib/PhysicsFS/CMakeFiles/CMakeTmp

Run Build Command:/Applications/CMake\ 2.6-4.app/Contents/bin/cmakexbuild -project CMAKE_TRY_COMPILE.xcodeproj build -target cmTryCompileExec -configuration Debug
=== BUILDING NATIVE TARGET cmTryCompileExec WITH CONFIGURATION Debug ===

Checking Dependencies...

PhaseScriptExecution /Users/aaron/Documents/Code/GameEngine/lib/PhysicsFS/CMakeFiles/CMakeTmp/CMAKE_TRY_COMPILE.build/Debug/cmTryCompileExec.build/Script-DA8FB0DA8FB0DA8FB0000000.sh
    cd /Users/aaron/Documents/Code/GameEngine/lib/PhysicsFS/CMakeFiles/CMakeTmp
    /bin/sh -c /Users/aaron/Documents/Code/GameEngine/lib/PhysicsFS/CMakeFiles/CMakeTmp/CMAKE_TRY_COMPILE.build/Debug/cmTryCompileExec.build/Script-DA8FB0DA8FB0DA8FB0000000.sh
make: `CMakeFiles/cmake.check_cache' is up to date.

CompileC CMAKE_TRY_COMPILE.build/Debug/cmTryCompileExec.build/Objects-normal/i386/CheckFunctionExists.o "/Applications/CMake 2.6-4.app/Contents/share/cmake-2.6/Modules/CheckFunctionExists.c" normal i386 c com.apple.compilers.gcc.4_0
    cd /Users/aaron/Documents/Code/GameEngine/lib/PhysicsFS/CMakeFiles/CMakeTmp
    /Developer/usr/bin/gcc-4.0 -x c -arch i386 -pipe -Wno-trigraphs -fpascal-strings -fasm-blocks -O0 -mdynamic-no-pic -DCMAKE_INTDIR="Debug" -fmessage-length=0 -gdwarf-2 -Wmost -Wno-four-char-constants -Wno-unknown-pragmas -F/Users/aaron/Documents/Code/GameEngine/lib/PhysicsFS/CMakeFiles/CMakeTmp/Debug -I/Users/aaron/Documents/Code/GameEngine/lib/PhysicsFS/CMakeFiles/CMakeTmp/Debug/include -I/Users/aaron/Documents/Code/GameEngine/lib/PhysicsFS/CMakeFiles/CMakeTmp/CMAKE_TRY_COMPILE.build/Debug/cmTryCompileExec.build/DerivedSources -DCHECK_FUNCTION_EXISTS=inflate -c "/Applications/CMake 2.6-4.app/Contents/share/cmake-2.6/Modules/CheckFunctionExists.c" -o /Users/aaron/Documents/Code/GameEngine/lib/PhysicsFS/CMakeFiles/CMakeTmp/CMAKE_TRY_COMPILE.build/Debug/cmTryCompileExec.build/Objects-normal/i386/CheckFunctionExists.o

Ld /Users/aaron/Documents/Code/GameEngine/lib/PhysicsFS/CMakeFiles/CMakeTmp/Debug/cmTryCompileExec normal i386
    cd /Users/aaron/Documents/Code/GameEngine/lib/PhysicsFS/CMakeFiles/CMakeTmp
    /Developer/usr/bin/gcc-4.0 -o /Users/aaron/Documents/Code/GameEngine/lib/PhysicsFS/CMakeFiles/CMakeTmp/Debug/cmTryCompileExec -L/Users/aaron/Documents/Code/GameEngine/lib/PhysicsFS/CMakeFiles/CMakeTmp/Debug -F/Users/aaron/Documents/Code/GameEngine/lib/PhysicsFS/CMakeFiles/CMakeTmp/Debug -filelist /Users/aaron/Documents/Code/GameEngine/lib/PhysicsFS/CMakeFiles/CMakeTmp/CMAKE_TRY_COMPILE.build/Debug/cmTryCompileExec.build/Objects-normal/i386/cmTryCompileExec.LinkFileList -arch i386 -Wl,-search_paths_first -headerpad_max_install_names -lz

PhaseScriptExecution /Users/aaron/Documents/Code/GameEngine/lib/PhysicsFS/CMakeFiles/CMakeTmp/CMAKE_TRY_COMPILE.build/Debug/cmTryCompileExec.build/Script-DA96F0DA96F0DA96F0000000.sh
    cd /Users/aaron/Documents/Code/GameEngine/lib/PhysicsFS/CMakeFiles/CMakeTmp
    /bin/sh -c /Users/aaron/Documents/Code/GameEngine/lib/PhysicsFS/CMakeFiles/CMakeTmp/CMAKE_TRY_COMPILE.build/Debug/cmTryCompileExec.build/Script-DA96F0DA96F0DA96F0000000.sh
echo "Depend check for xcode"
Depend check for xcode
cd /Users/aaron/Documents/Code/GameEngine/lib/PhysicsFS/CMakeFiles/CMakeTmp && make -C /Users/aaron/Documents/Code/GameEngine/lib/PhysicsFS/CMakeFiles/CMakeTmp -f /Users/aaron/Documents/Code/GameEngine/lib/PhysicsFS/CMakeFiles/CMakeTmp/CMakeScripts/XCODE_DEPEND_HELPER.make all.Debug
make[1]: Nothing to be done for `all.Debug'.
** BUILD SUCCEEDED **


The system is: Darwin - 9.1.0 - i386
Compiling the C compiler identification source file "CMakeCCompilerId.c" succeeded.
Compiler: /usr/bin/gcc 
Build flags: 
Id flags: 

The output was:
0


Compilation of the C compiler identification source "CMakeCCompilerId.c" produced "a.out"

The C compiler identification is GNU, found in "/Users/aaron/Documents/Code/GameEngine/lib/PhysicsFS/CMakeFiles/CompilerIdC/a.out"

Compiling the CXX compiler identification source file "CMakeCXXCompilerId.cpp" succeeded.
Compiler: /usr/bin/c++ 
Build flags: 
Id flags: 

The output was:
0


Compilation of the CXX compiler identification source "CMakeCXXCompilerId.cpp" produced "a.out"

The CXX compiler identification is GNU, found in "/Users/aaron/Documents/Code/GameEngine/lib/PhysicsFS/CMakeFiles/CompilerIdCXX/a.out"

Determining if the C compiler works passed with the following output:
Change Dir: /Users/aaron/Documents/Code/GameEngine/lib/PhysicsFS/CMakeFiles/CMakeTmp

Run Build Command:/usr/bin/make "cmTryCompileExec/fast"
/usr/bin/make -f CMakeFiles/cmTryCompileExec.dir/build.make CMakeFiles/cmTryCompileExec.dir/build
"/Applications/CMake 2.6-4.app/Contents/bin/cmake" -E cmake_progress_report /Users/aaron/Documents/Code/GameEngine/lib/PhysicsFS/CMakeFiles/CMakeTmp/CMakeFiles 1
Building C object CMakeFiles/cmTryCompileExec.dir/testCCompiler.c.o
/usr/bin/gcc    -o CMakeFiles/cmTryCompileExec.dir/testCCompiler.c.o   -c /Users/aaron/Documents/Code/GameEngine/lib/PhysicsFS/CMakeFiles/CMakeTmp/testCCompiler.c
Linking C executable cmTryCompileExec
"/Applications/CMake 2.6-4.app/Contents/bin/cmake" -E cmake_link_script CMakeFiles/cmTryCompileExec.dir/link.txt --verbose=1
/usr/bin/gcc      -Wl,-search_paths_first -headerpad_max_install_names -fPIC CMakeFiles/cmTryCompileExec.dir/testCCompiler.c.o  -o cmTryCompileExec  


Detecting C compiler ABI info compiled with the following output:
Change Dir: /Users/aaron/Documents/Code/GameEngine/lib/PhysicsFS/CMakeFiles/CMakeTmp

Run Build Command:/usr/bin/make "cmTryCompileExec/fast"
/usr/bin/make -f CMakeFiles/cmTryCompileExec.dir/build.make CMakeFiles/cmTryCompileExec.dir/build
"/Applications/CMake 2.6-4.app/Contents/bin/cmake" -E cmake_progress_report /Users/aaron/Documents/Code/GameEngine/lib/PhysicsFS/CMakeFiles/CMakeTmp/CMakeFiles 1
Building C object CMakeFiles/cmTryCompileExec.dir/CMakeCCompilerABI.c.o
/usr/bin/gcc    -o CMakeFiles/cmTryCompileExec.dir/CMakeCCompilerABI.c.o   -c "/Applications/CMake 2.6-4.app/Contents/share/cmake-2.6/Modules/CMakeCCompilerABI.c"
Linking C executable cmTryCompileExec
"/Applications/CMake 2.6-4.app/Contents/bin/cmake" -E cmake_link_script CMakeFiles/cmTryCompileExec.dir/link.txt --verbose=1
/usr/bin/gcc      -Wl,-search_paths_first -headerpad_max_install_names -fPIC CMakeFiles/cmTryCompileExec.dir/CMakeCCompilerABI.c.o  -o cmTryCompileExec  


Determining if the CXX compiler works passed with the following output:
Change Dir: /Users/aaron/Documents/Code/GameEngine/lib/PhysicsFS/CMakeFiles/CMakeTmp

Run Build Command:/usr/bin/make "cmTryCompileExec/fast"
/usr/bin/make -f CMakeFiles/cmTryCompileExec.dir/build.make CMakeFiles/cmTryCompileExec.dir/build
"/Applications/CMake 2.6-4.app/Contents/bin/cmake" -E cmake_progress_report /Users/aaron/Documents/Code/GameEngine/lib/PhysicsFS/CMakeFiles/CMakeTmp/CMakeFiles 1
Building CXX object CMakeFiles/cmTryCompileExec.dir/testCXXCompiler.cxx.o
/usr/bin/c++     -o CMakeFiles/cmTryCompileExec.dir/testCXXCompiler.cxx.o -c /Users/aaron/Documents/Code/GameEngine/lib/PhysicsFS/CMakeFiles/CMakeTmp/testCXXCompiler.cxx
Linking CXX executable cmTryCompileExec
"/Applications/CMake 2.6-4.app/Contents/bin/cmake" -E cmake_link_script CMakeFiles/cmTryCompileExec.dir/link.txt --verbose=1
/usr/bin/c++       -Wl,-search_paths_first -headerpad_max_install_names -fPIC CMakeFiles/cmTryCompileExec.dir/testCXXCompiler.cxx.o  -o cmTryCompileExec  


Detecting CXX compiler ABI info compiled with the following output:
Change Dir: /Users/aaron/Documents/Code/GameEngine/lib/PhysicsFS/CMakeFiles/CMakeTmp

Run Build Command:/usr/bin/make "cmTryCompileExec/fast"
/usr/bin/make -f CMakeFiles/cmTryCompileExec.dir/build.make CMakeFiles/cmTryCompileExec.dir/build
"/Applications/CMake 2.6-4.app/Contents/bin/cmake" -E cmake_progress_report /Users/aaron/Documents/Code/GameEngine/lib/PhysicsFS/CMakeFiles/CMakeTmp/CMakeFiles 1
Building CXX object CMakeFiles/cmTryCompileExec.dir/CMakeCXXCompilerABI.cpp.o
/usr/bin/c++     -o CMakeFiles/cmTryCompileExec.dir/CMakeCXXCompilerABI.cpp.o -c "/Applications/CMake 2.6-4.app/Contents/share/cmake-2.6/Modules/CMakeCXXCompilerABI.cpp"
Linking CXX executable cmTryCompileExec
"/Applications/CMake 2.6-4.app/Contents/bin/cmake" -E cmake_link_script CMakeFiles/cmTryCompileExec.dir/link.txt --verbose=1
/usr/bin/c++       -Wl,-search_paths_first -headerpad_max_install_names -fPIC CMakeFiles/cmTryCompileExec.dir/CMakeCXXCompilerABI.cpp.o  -o cmTryCompileExec  


Performing C SOURCE FILE Test PHYSFS_IS_GCC4 succeded with the following output:
Change Dir: /Users/aaron/Documents/Code/GameEngine/lib/PhysicsFS/CMakeFiles/CMakeTmp

Run Build Command:/usr/bin/make "cmTryCompileExec/fast"
/usr/bin/make -f CMakeFiles/cmTryCompileExec.dir/build.make CMakeFiles/cmTryCompileExec.dir/build
"/Applications/CMake 2.6-4.app/Contents/bin/cmake" -E cmake_progress_report /Users/aaron/Documents/Code/GameEngine/lib/PhysicsFS/CMakeFiles/CMakeTmp/CMakeFiles 1
Building C object CMakeFiles/cmTryCompileExec.dir/src.c.o
/usr/bin/gcc   -DPHYSFS_IS_GCC4   -o CMakeFiles/cmTryCompileExec.dir/src.c.o   -c /Users/aaron/Documents/Code/GameEngine/lib/PhysicsFS/CMakeFiles/CMakeTmp/src.c
Linking C executable cmTryCompileExec
"/Applications/CMake 2.6-4.app/Contents/bin/cmake" -E cmake_link_script CMakeFiles/cmTryCompileExec.dir/link.txt --verbose=1
/usr/bin/gcc     -DPHYSFS_IS_GCC4 -Wl,-search_paths_first -headerpad_max_install_names -fPIC CMakeFiles/cmTryCompileExec.dir/src.c.o  -o cmTryCompileExec  

Source file was:

        #if ((defined(__GNUC__)) && (__GNUC__ >= 4))
        int main(int argc, char **argv) { int is_gcc4 = 1; return 0; }
        #else
        #error This is not gcc4.
        #endif
    
Determining if the include file sys/ucred.h exists passed with the following output:
Change Dir: /Users/aaron/Documents/Code/GameEngine/lib/PhysicsFS/CMakeFiles/CMakeTmp

Run Build Command:/usr/bin/make "cmTryCompileExec/fast"
/usr/bin/make -f CMakeFiles/cmTryCompileExec.dir/build.make CMakeFiles/cmTryCompileExec.dir/build
"/Applications/CMake 2.6-4.app/Contents/bin/cmake" -E cmake_progress_report /Users/aaron/Documents/Code/GameEngine/lib/PhysicsFS/CMakeFiles/CMakeTmp/CMakeFiles 1
Building C object CMakeFiles/cmTryCompileExec.dir/CheckIncludeFile.c.o
/usr/bin/gcc    -o CMakeFiles/cmTryCompileExec.dir/CheckIncludeFile.c.o   -c /Users/aaron/Documents/Code/GameEngine/lib/PhysicsFS/CMakeFiles/CMakeTmp/CheckIncludeFile.c
Linking C executable cmTryCompileExec
"/Applications/CMake 2.6-4.app/Contents/bin/cmake" -E cmake_link_script CMakeFiles/cmTryCompileExec.dir/link.txt --verbose=1
/usr/bin/gcc      -Wl,-search_paths_first -headerpad_max_install_names -fPIC CMakeFiles/cmTryCompileExec.dir/CheckIncludeFile.c.o  -o cmTryCompileExec  


Determining if the include file pthread.h exists passed with the following output:
Change Dir: /Users/aaron/Documents/Code/GameEngine/lib/PhysicsFS/CMakeFiles/CMakeTmp

Run Build Command:/usr/bin/make "cmTryCompileExec/fast"
/usr/bin/make -f CMakeFiles/cmTryCompileExec.dir/build.make CMakeFiles/cmTryCompileExec.dir/build
"/Applications/CMake 2.6-4.app/Contents/bin/cmake" -E cmake_progress_report /Users/aaron/Documents/Code/GameEngine/lib/PhysicsFS/CMakeFiles/CMakeTmp/CMakeFiles 1
Building C object CMakeFiles/cmTryCompileExec.dir/CheckIncludeFile.c.o
/usr/bin/gcc    -o CMakeFiles/cmTryCompileExec.dir/CheckIncludeFile.c.o   -c /Users/aaron/Documents/Code/GameEngine/lib/PhysicsFS/CMakeFiles/CMakeTmp/CheckIncludeFile.c
Linking C executable cmTryCompileExec
"/Applications/CMake 2.6-4.app/Contents/bin/cmake" -E cmake_link_script CMakeFiles/cmTryCompileExec.dir/link.txt --verbose=1
/usr/bin/gcc      -Wl,-search_paths_first -headerpad_max_install_names -fPIC CMakeFiles/cmTryCompileExec.dir/CheckIncludeFile.c.o  -o cmTryCompileExec  


Determining if the include file assert.h exists passed with the following output:
Change Dir: /Users/aaron/Documents/Code/GameEngine/lib/PhysicsFS/CMakeFiles/CMakeTmp

Run Build Command:/usr/bin/make "cmTryCompileExec/fast"
/usr/bin/make -f CMakeFiles/cmTryCompileExec.dir/build.make CMakeFiles/cmTryCompileExec.dir/build
"/Applications/CMake 2.6-4.app/Contents/bin/cmake" -E cmake_progress_report /Users/aaron/Documents/Code/GameEngine/lib/PhysicsFS/CMakeFiles/CMakeTmp/CMakeFiles 1
Building C object CMakeFiles/cmTryCompileExec.dir/CheckIncludeFile.c.o
/usr/bin/gcc    -o CMakeFiles/cmTryCompileExec.dir/CheckIncludeFile.c.o   -c /Users/aaron/Documents/Code/GameEngine/lib/PhysicsFS/CMakeFiles/CMakeTmp/CheckIncludeFile.c
Linking C executable cmTryCompileExec
"/Applications/CMake 2.6-4.app/Contents/bin/cmake" -E cmake_link_script CMakeFiles/cmTryCompileExec.dir/link.txt --verbose=1
/usr/bin/gcc      -Wl,-search_paths_first -headerpad_max_install_names -fPIC CMakeFiles/cmTryCompileExec.dir/CheckIncludeFile.c.o  -o cmTryCompileExec  


Determining if the include file zlib.h exists passed with the following output:
Change Dir: /Users/aaron/Documents/Code/GameEngine/lib/PhysicsFS/CMakeFiles/CMakeTmp

Run Build Command:/usr/bin/make "cmTryCompileExec/fast"
/usr/bin/make -f CMakeFiles/cmTryCompileExec.dir/build.make CMakeFiles/cmTryCompileExec.dir/build
"/Applications/CMake 2.6-4.app/Contents/bin/cmake" -E cmake_progress_report /Users/aaron/Documents/Code/GameEngine/lib/PhysicsFS/CMakeFiles/CMakeTmp/CMakeFiles 1
Building C object CMakeFiles/cmTryCompileExec.dir/CheckIncludeFile.c.o
/usr/bin/gcc    -o CMakeFiles/cmTryCompileExec.dir/CheckIncludeFile.c.o   -c /Users/aaron/Documents/Code/GameEngine/lib/PhysicsFS/CMakeFiles/CMakeTmp/CheckIncludeFile.c
Linking C executable cmTryCompileExec
"/Applications/CMake 2.6-4.app/Contents/bin/cmake" -E cmake_link_script CMakeFiles/cmTryCompileExec.dir/link.txt --verbose=1
/usr/bin/gcc      -Wl,-search_paths_first -headerpad_max_install_names -fPIC CMakeFiles/cmTryCompileExec.dir/CheckIncludeFile.c.o  -o cmTryCompileExec  


Determining if the function inflate exists in the z passed with the following output:
Change Dir: /Users/aaron/Documents/Code/GameEngine/lib/PhysicsFS/CMakeFiles/CMakeTmp

Run Build Command:/usr/bin/make "cmTryCompileExec/fast"
/usr/bin/make -f CMakeFiles/cmTryCompileExec.dir/build.make CMakeFiles/cmTryCompileExec.dir/build
"/Applications/CMake 2.6-4.app/Contents/bin/cmake" -E cmake_progress_report /Users/aaron/Documents/Code/GameEngine/lib/PhysicsFS/CMakeFiles/CMakeTmp/CMakeFiles 1
Building C object CMakeFiles/cmTryCompileExec.dir/CheckFunctionExists.c.o
/usr/bin/gcc   -DCHECK_FUNCTION_EXISTS=inflate   -o CMakeFiles/cmTryCompileExec.dir/CheckFunctionExists.c.o   -c "/Applications/CMake 2.6-4.app/Contents/share/cmake-2.6/Modules/CheckFunctionExists.c"
Linking C executable cmTryCompileExec
"/Applications/CMake 2.6-4.app/Contents/bin/cmake" -E cmake_link_script CMakeFiles/cmTryCompileExec.dir/link.txt --verbose=1
/usr/bin/gcc     -DCHECK_FUNCTION_EXISTS=inflate -Wl,-search_paths_first -headerpad_max_install_names -fPIC CMakeFiles/cmTryCompileExec.dir/CheckFunctionExists.c.o  -o cmTryCompileExec  -lz 


